        -:    0:Source:doctest.h
        -:    1:// ====================================================================== lgtm [cpp/missing-header-guard]
        -:    2:// == DO NOT MODIFY THIS FILE BY HAND - IT IS AUTO GENERATED BY CMAKE! ==
        -:    3:// ======================================================================
        -:    4://
        -:    5:// doctest.h - the lightest feature-rich C++ single-header testing framework for unit tests and TDD
        -:    6://
        -:    7:// Copyright (c) 2016-2023 Viktor Kirilov
        -:    8://
        -:    9:// Distributed under the MIT Software License
        -:   10:// See accompanying file LICENSE.txt or copy at
        -:   11:// https://opensource.org/licenses/MIT
        -:   12://
        -:   13:// The documentation can be found at the library's page:
        -:   14:// https://github.com/doctest/doctest/blob/master/doc/markdown/readme.md
        -:   15://
        -:   16:// =================================================================================================
        -:   17:// =================================================================================================
        -:   18:// =================================================================================================
        -:   19://
        -:   20:// The library is heavily influenced by Catch - https://github.com/catchorg/Catch2
        -:   21:// which uses the Boost Software License - Version 1.0
        -:   22:// see here - https://github.com/catchorg/Catch2/blob/master/LICENSE.txt
        -:   23://
        -:   24:// The concept of subcases (sections in Catch) and expression decomposition are from there.
        -:   25:// Some parts of the code are taken directly:
        -:   26:// - stringification - the detection of "ostream& operator<<(ostream&, const T&)" and StringMaker<>
        -:   27:// - the Approx() helper class for floating point comparison
        -:   28:// - colors in the console
        -:   29:// - breaking into a debugger
        -:   30:// - signal / SEH handling
        -:   31:// - timer
        -:   32:// - XmlWriter class - thanks to Phil Nash for allowing the direct reuse (AKA copy/paste)
        -:   33://
        -:   34:// The expression decomposing templates are taken from lest - https://github.com/martinmoene/lest
        -:   35:// which uses the Boost Software License - Version 1.0
        -:   36:// see here - https://github.com/martinmoene/lest/blob/master/LICENSE.txt
        -:   37://
        -:   38:// =================================================================================================
        -:   39:// =================================================================================================
        -:   40:// =================================================================================================
        -:   41:
        -:   42:#ifndef DOCTEST_LIBRARY_INCLUDED
        -:   43:#define DOCTEST_LIBRARY_INCLUDED
        -:   44:
        -:   45:// =================================================================================================
        -:   46:// == VERSION ======================================================================================
        -:   47:// =================================================================================================
        -:   48:
        -:   49:#define DOCTEST_VERSION_MAJOR 2
        -:   50:#define DOCTEST_VERSION_MINOR 4
        -:   51:#define DOCTEST_VERSION_PATCH 11
        -:   52:
        -:   53:// util we need here
        -:   54:#define DOCTEST_TOSTR_IMPL(x) #x
        -:   55:#define DOCTEST_TOSTR(x) DOCTEST_TOSTR_IMPL(x)
        -:   56:
        -:   57:#define DOCTEST_VERSION_STR                                                                        \
        -:   58:    DOCTEST_TOSTR(DOCTEST_VERSION_MAJOR) "."                                                       \
        -:   59:    DOCTEST_TOSTR(DOCTEST_VERSION_MINOR) "."                                                       \
        -:   60:    DOCTEST_TOSTR(DOCTEST_VERSION_PATCH)
        -:   61:
        -:   62:#define DOCTEST_VERSION                                                                            \
        -:   63:    (DOCTEST_VERSION_MAJOR * 10000 + DOCTEST_VERSION_MINOR * 100 + DOCTEST_VERSION_PATCH)
        -:   64:
        -:   65:// =================================================================================================
        -:   66:// == COMPILER VERSION =============================================================================
        -:   67:// =================================================================================================
        -:   68:
        -:   69:// ideas for the version stuff are taken from here: https://github.com/cxxstuff/cxx_detect
        -:   70:
        -:   71:#ifdef _MSC_VER
        -:   72:#define DOCTEST_CPLUSPLUS _MSVC_LANG
        -:   73:#else
        -:   74:#define DOCTEST_CPLUSPLUS __cplusplus
        -:   75:#endif
        -:   76:
        -:   77:#define DOCTEST_COMPILER(MAJOR, MINOR, PATCH) ((MAJOR)*10000000 + (MINOR)*100000 + (PATCH))
        -:   78:
        -:   79:// GCC/Clang and GCC/MSVC are mutually exclusive, but Clang/MSVC are not because of clang-cl...
        -:   80:#if defined(_MSC_VER) && defined(_MSC_FULL_VER)
        -:   81:#if _MSC_VER == _MSC_FULL_VER / 10000
        -:   82:#define DOCTEST_MSVC DOCTEST_COMPILER(_MSC_VER / 100, _MSC_VER % 100, _MSC_FULL_VER % 10000)
        -:   83:#else // MSVC
        -:   84:#define DOCTEST_MSVC                                                                               \
        -:   85:    DOCTEST_COMPILER(_MSC_VER / 100, (_MSC_FULL_VER / 100000) % 100, _MSC_FULL_VER % 100000)
        -:   86:#endif // MSVC
        -:   87:#endif // MSVC
        -:   88:#if defined(__clang__) && defined(__clang_minor__) && defined(__clang_patchlevel__)
        -:   89:#define DOCTEST_CLANG DOCTEST_COMPILER(__clang_major__, __clang_minor__, __clang_patchlevel__)
        -:   90:#elif defined(__GNUC__) && defined(__GNUC_MINOR__) && defined(__GNUC_PATCHLEVEL__) &&              \
        -:   91:        !defined(__INTEL_COMPILER)
        -:   92:#define DOCTEST_GCC DOCTEST_COMPILER(__GNUC__, __GNUC_MINOR__, __GNUC_PATCHLEVEL__)
        -:   93:#endif // GCC
        -:   94:#if defined(__INTEL_COMPILER)
        -:   95:#define DOCTEST_ICC DOCTEST_COMPILER(__INTEL_COMPILER / 100, __INTEL_COMPILER % 100, 0)
        -:   96:#endif // ICC
        -:   97:
        -:   98:#ifndef DOCTEST_MSVC
        -:   99:#define DOCTEST_MSVC 0
        -:  100:#endif // DOCTEST_MSVC
        -:  101:#ifndef DOCTEST_CLANG
        -:  102:#define DOCTEST_CLANG 0
        -:  103:#endif // DOCTEST_CLANG
        -:  104:#ifndef DOCTEST_GCC
        -:  105:#define DOCTEST_GCC 0
        -:  106:#endif // DOCTEST_GCC
        -:  107:#ifndef DOCTEST_ICC
        -:  108:#define DOCTEST_ICC 0
        -:  109:#endif // DOCTEST_ICC
        -:  110:
        -:  111:// =================================================================================================
        -:  112:// == COMPILER WARNINGS HELPERS ====================================================================
        -:  113:// =================================================================================================
        -:  114:
        -:  115:#if DOCTEST_CLANG && !DOCTEST_ICC
        -:  116:#define DOCTEST_PRAGMA_TO_STR(x) _Pragma(#x)
        -:  117:#define DOCTEST_CLANG_SUPPRESS_WARNING_PUSH _Pragma("clang diagnostic push")
        -:  118:#define DOCTEST_CLANG_SUPPRESS_WARNING(w) DOCTEST_PRAGMA_TO_STR(clang diagnostic ignored w)
        -:  119:#define DOCTEST_CLANG_SUPPRESS_WARNING_POP _Pragma("clang diagnostic pop")
        -:  120:#define DOCTEST_CLANG_SUPPRESS_WARNING_WITH_PUSH(w)                                                \
        -:  121:    DOCTEST_CLANG_SUPPRESS_WARNING_PUSH DOCTEST_CLANG_SUPPRESS_WARNING(w)
        -:  122:#else // DOCTEST_CLANG
        -:  123:#define DOCTEST_CLANG_SUPPRESS_WARNING_PUSH
        -:  124:#define DOCTEST_CLANG_SUPPRESS_WARNING(w)
        -:  125:#define DOCTEST_CLANG_SUPPRESS_WARNING_POP
        -:  126:#define DOCTEST_CLANG_SUPPRESS_WARNING_WITH_PUSH(w)
        -:  127:#endif // DOCTEST_CLANG
        -:  128:
        -:  129:#if DOCTEST_GCC
        -:  130:#define DOCTEST_PRAGMA_TO_STR(x) _Pragma(#x)
        -:  131:#define DOCTEST_GCC_SUPPRESS_WARNING_PUSH _Pragma("GCC diagnostic push")
        -:  132:#define DOCTEST_GCC_SUPPRESS_WARNING(w) DOCTEST_PRAGMA_TO_STR(GCC diagnostic ignored w)
        -:  133:#define DOCTEST_GCC_SUPPRESS_WARNING_POP _Pragma("GCC diagnostic pop")
        -:  134:#define DOCTEST_GCC_SUPPRESS_WARNING_WITH_PUSH(w)                                                  \
        -:  135:    DOCTEST_GCC_SUPPRESS_WARNING_PUSH DOCTEST_GCC_SUPPRESS_WARNING(w)
        -:  136:#else // DOCTEST_GCC
        -:  137:#define DOCTEST_GCC_SUPPRESS_WARNING_PUSH
        -:  138:#define DOCTEST_GCC_SUPPRESS_WARNING(w)
        -:  139:#define DOCTEST_GCC_SUPPRESS_WARNING_POP
        -:  140:#define DOCTEST_GCC_SUPPRESS_WARNING_WITH_PUSH(w)
        -:  141:#endif // DOCTEST_GCC
        -:  142:
        -:  143:#if DOCTEST_MSVC
        -:  144:#define DOCTEST_MSVC_SUPPRESS_WARNING_PUSH __pragma(warning(push))
        -:  145:#define DOCTEST_MSVC_SUPPRESS_WARNING(w) __pragma(warning(disable : w))
        -:  146:#define DOCTEST_MSVC_SUPPRESS_WARNING_POP __pragma(warning(pop))
        -:  147:#define DOCTEST_MSVC_SUPPRESS_WARNING_WITH_PUSH(w)                                                 \
        -:  148:    DOCTEST_MSVC_SUPPRESS_WARNING_PUSH DOCTEST_MSVC_SUPPRESS_WARNING(w)
        -:  149:#else // DOCTEST_MSVC
        -:  150:#define DOCTEST_MSVC_SUPPRESS_WARNING_PUSH
        -:  151:#define DOCTEST_MSVC_SUPPRESS_WARNING(w)
        -:  152:#define DOCTEST_MSVC_SUPPRESS_WARNING_POP
        -:  153:#define DOCTEST_MSVC_SUPPRESS_WARNING_WITH_PUSH(w)
        -:  154:#endif // DOCTEST_MSVC
        -:  155:
        -:  156:// =================================================================================================
        -:  157:// == COMPILER WARNINGS ============================================================================
        -:  158:// =================================================================================================
        -:  159:
        -:  160:// both the header and the implementation suppress all of these,
        -:  161:// so it only makes sense to aggregate them like so
        -:  162:#define DOCTEST_SUPPRESS_COMMON_WARNINGS_PUSH                                                      \
        -:  163:    DOCTEST_CLANG_SUPPRESS_WARNING_PUSH                                                            \
        -:  164:    DOCTEST_CLANG_SUPPRESS_WARNING("-Wunknown-pragmas")                                            \
        -:  165:    DOCTEST_CLANG_SUPPRESS_WARNING("-Wweak-vtables")                                               \
        -:  166:    DOCTEST_CLANG_SUPPRESS_WARNING("-Wpadded")                                                     \
        -:  167:    DOCTEST_CLANG_SUPPRESS_WARNING("-Wmissing-prototypes")                                         \
        -:  168:    DOCTEST_CLANG_SUPPRESS_WARNING("-Wc++98-compat")                                               \
        -:  169:    DOCTEST_CLANG_SUPPRESS_WARNING("-Wc++98-compat-pedantic")                                      \
        -:  170:                                                                                                   \
        -:  171:    DOCTEST_GCC_SUPPRESS_WARNING_PUSH                                                              \
        -:  172:    DOCTEST_GCC_SUPPRESS_WARNING("-Wunknown-pragmas")                                              \
        -:  173:    DOCTEST_GCC_SUPPRESS_WARNING("-Wpragmas")                                                      \
        -:  174:    DOCTEST_GCC_SUPPRESS_WARNING("-Weffc++")                                                       \
        -:  175:    DOCTEST_GCC_SUPPRESS_WARNING("-Wstrict-overflow")                                              \
        -:  176:    DOCTEST_GCC_SUPPRESS_WARNING("-Wstrict-aliasing")                                              \
        -:  177:    DOCTEST_GCC_SUPPRESS_WARNING("-Wmissing-declarations")                                         \
        -:  178:    DOCTEST_GCC_SUPPRESS_WARNING("-Wuseless-cast")                                                 \
        -:  179:    DOCTEST_GCC_SUPPRESS_WARNING("-Wnoexcept")                                                     \
        -:  180:                                                                                                   \
        -:  181:    DOCTEST_MSVC_SUPPRESS_WARNING_PUSH                                                             \
        -:  182:    /* these 4 also disabled globally via cmake: */                                                \
        -:  183:    DOCTEST_MSVC_SUPPRESS_WARNING(4514) /* unreferenced inline function has been removed */        \
        -:  184:    DOCTEST_MSVC_SUPPRESS_WARNING(4571) /* SEH related */                                          \
        -:  185:    DOCTEST_MSVC_SUPPRESS_WARNING(4710) /* function not inlined */                                 \
        -:  186:    DOCTEST_MSVC_SUPPRESS_WARNING(4711) /* function selected for inline expansion*/                \
        -:  187:    /* common ones */                                                                              \
        -:  188:    DOCTEST_MSVC_SUPPRESS_WARNING(4616) /* invalid compiler warning */                             \
        -:  189:    DOCTEST_MSVC_SUPPRESS_WARNING(4619) /* invalid compiler warning */                             \
        -:  190:    DOCTEST_MSVC_SUPPRESS_WARNING(4996) /* The compiler encountered a deprecated declaration */    \
        -:  191:    DOCTEST_MSVC_SUPPRESS_WARNING(4706) /* assignment within conditional expression */             \
        -:  192:    DOCTEST_MSVC_SUPPRESS_WARNING(4512) /* 'class' : assignment operator could not be generated */ \
        -:  193:    DOCTEST_MSVC_SUPPRESS_WARNING(4127) /* conditional expression is constant */                   \
        -:  194:    DOCTEST_MSVC_SUPPRESS_WARNING(4820) /* padding */                                              \
        -:  195:    DOCTEST_MSVC_SUPPRESS_WARNING(4625) /* copy constructor was implicitly deleted */              \
        -:  196:    DOCTEST_MSVC_SUPPRESS_WARNING(4626) /* assignment operator was implicitly deleted */           \
        -:  197:    DOCTEST_MSVC_SUPPRESS_WARNING(5027) /* move assignment operator implicitly deleted */          \
        -:  198:    DOCTEST_MSVC_SUPPRESS_WARNING(5026) /* move constructor was implicitly deleted */              \
        -:  199:    DOCTEST_MSVC_SUPPRESS_WARNING(4640) /* construction of local static object not thread-safe */  \
        -:  200:    DOCTEST_MSVC_SUPPRESS_WARNING(5045) /* Spectre mitigation for memory load */                   \
        -:  201:    DOCTEST_MSVC_SUPPRESS_WARNING(5264) /* 'variable-name': 'const' variable is not used */        \
        -:  202:    /* static analysis */                                                                          \
        -:  203:    DOCTEST_MSVC_SUPPRESS_WARNING(26439) /* Function may not throw. Declare it 'noexcept' */       \
        -:  204:    DOCTEST_MSVC_SUPPRESS_WARNING(26495) /* Always initialize a member variable */                 \
        -:  205:    DOCTEST_MSVC_SUPPRESS_WARNING(26451) /* Arithmetic overflow ... */                             \
        -:  206:    DOCTEST_MSVC_SUPPRESS_WARNING(26444) /* Avoid unnamed objects with custom ctor and dtor... */  \
        -:  207:    DOCTEST_MSVC_SUPPRESS_WARNING(26812) /* Prefer 'enum class' over 'enum' */
        -:  208:
        -:  209:#define DOCTEST_SUPPRESS_COMMON_WARNINGS_POP                                                       \
        -:  210:    DOCTEST_CLANG_SUPPRESS_WARNING_POP                                                             \
        -:  211:    DOCTEST_GCC_SUPPRESS_WARNING_POP                                                               \
        -:  212:    DOCTEST_MSVC_SUPPRESS_WARNING_POP
        -:  213:
        -:  214:DOCTEST_SUPPRESS_COMMON_WARNINGS_PUSH
        -:  215:
        -:  216:DOCTEST_CLANG_SUPPRESS_WARNING_PUSH
        -:  217:DOCTEST_CLANG_SUPPRESS_WARNING("-Wnon-virtual-dtor")
        -:  218:DOCTEST_CLANG_SUPPRESS_WARNING("-Wdeprecated")
        -:  219:
        -:  220:DOCTEST_GCC_SUPPRESS_WARNING_PUSH
        -:  221:DOCTEST_GCC_SUPPRESS_WARNING("-Wctor-dtor-privacy")
        -:  222:DOCTEST_GCC_SUPPRESS_WARNING("-Wnon-virtual-dtor")
        -:  223:DOCTEST_GCC_SUPPRESS_WARNING("-Wsign-promo")
        -:  224:
        -:  225:DOCTEST_MSVC_SUPPRESS_WARNING_PUSH
        -:  226:DOCTEST_MSVC_SUPPRESS_WARNING(4623) // default constructor was implicitly defined as deleted
        -:  227:
        -:  228:#define DOCTEST_MAKE_STD_HEADERS_CLEAN_FROM_WARNINGS_ON_WALL_BEGIN                                 \
        -:  229:    DOCTEST_MSVC_SUPPRESS_WARNING_PUSH                                                             \
        -:  230:    DOCTEST_MSVC_SUPPRESS_WARNING(4548) /* before comma no effect; expected side - effect */       \
        -:  231:    DOCTEST_MSVC_SUPPRESS_WARNING(4265) /* virtual functions, but destructor is not virtual */     \
        -:  232:    DOCTEST_MSVC_SUPPRESS_WARNING(4986) /* exception specification does not match previous */      \
        -:  233:    DOCTEST_MSVC_SUPPRESS_WARNING(4350) /* 'member1' called instead of 'member2' */                \
        -:  234:    DOCTEST_MSVC_SUPPRESS_WARNING(4668) /* not defined as a preprocessor macro */                  \
        -:  235:    DOCTEST_MSVC_SUPPRESS_WARNING(4365) /* signed/unsigned mismatch */                             \
        -:  236:    DOCTEST_MSVC_SUPPRESS_WARNING(4774) /* format string not a string literal */                   \
        -:  237:    DOCTEST_MSVC_SUPPRESS_WARNING(4820) /* padding */                                              \
        -:  238:    DOCTEST_MSVC_SUPPRESS_WARNING(4625) /* copy constructor was implicitly deleted */              \
        -:  239:    DOCTEST_MSVC_SUPPRESS_WARNING(4626) /* assignment operator was implicitly deleted */           \
        -:  240:    DOCTEST_MSVC_SUPPRESS_WARNING(5027) /* move assignment operator implicitly deleted */          \
        -:  241:    DOCTEST_MSVC_SUPPRESS_WARNING(5026) /* move constructor was implicitly deleted */              \
        -:  242:    DOCTEST_MSVC_SUPPRESS_WARNING(4623) /* default constructor was implicitly deleted */           \
        -:  243:    DOCTEST_MSVC_SUPPRESS_WARNING(5039) /* pointer to pot. throwing function passed to extern C */ \
        -:  244:    DOCTEST_MSVC_SUPPRESS_WARNING(5045) /* Spectre mitigation for memory load */                   \
        -:  245:    DOCTEST_MSVC_SUPPRESS_WARNING(5105) /* macro producing 'defined' has undefined behavior */     \
        -:  246:    DOCTEST_MSVC_SUPPRESS_WARNING(4738) /* storing float result in memory, loss of performance */  \
        -:  247:    DOCTEST_MSVC_SUPPRESS_WARNING(5262) /* implicit fall-through */
        -:  248:
        -:  249:#define DOCTEST_MAKE_STD_HEADERS_CLEAN_FROM_WARNINGS_ON_WALL_END DOCTEST_MSVC_SUPPRESS_WARNING_POP
        -:  250:
        -:  251:// =================================================================================================
        -:  252:// == FEATURE DETECTION ============================================================================
        -:  253:// =================================================================================================
        -:  254:
        -:  255:// general compiler feature support table: https://en.cppreference.com/w/cpp/compiler_support
        -:  256:// MSVC C++11 feature support table: https://msdn.microsoft.com/en-us/library/hh567368.aspx
        -:  257:// GCC C++11 feature support table: https://gcc.gnu.org/projects/cxx-status.html
        -:  258:// MSVC version table:
        -:  259:// https://en.wikipedia.org/wiki/Microsoft_Visual_C%2B%2B#Internal_version_numbering
        -:  260:// MSVC++ 14.3 (17) _MSC_VER == 1930 (Visual Studio 2022)
        -:  261:// MSVC++ 14.2 (16) _MSC_VER == 1920 (Visual Studio 2019)
        -:  262:// MSVC++ 14.1 (15) _MSC_VER == 1910 (Visual Studio 2017)
        -:  263:// MSVC++ 14.0      _MSC_VER == 1900 (Visual Studio 2015)
        -:  264:// MSVC++ 12.0      _MSC_VER == 1800 (Visual Studio 2013)
        -:  265:// MSVC++ 11.0      _MSC_VER == 1700 (Visual Studio 2012)
        -:  266:// MSVC++ 10.0      _MSC_VER == 1600 (Visual Studio 2010)
        -:  267:// MSVC++ 9.0       _MSC_VER == 1500 (Visual Studio 2008)
        -:  268:// MSVC++ 8.0       _MSC_VER == 1400 (Visual Studio 2005)
        -:  269:
        -:  270:// Universal Windows Platform support
        -:  271:#if defined(WINAPI_FAMILY) && (WINAPI_FAMILY == WINAPI_FAMILY_APP)
        -:  272:#define DOCTEST_CONFIG_NO_WINDOWS_SEH
        -:  273:#endif // WINAPI_FAMILY
        -:  274:#if DOCTEST_MSVC && !defined(DOCTEST_CONFIG_WINDOWS_SEH)
        -:  275:#define DOCTEST_CONFIG_WINDOWS_SEH
        -:  276:#endif // MSVC
        -:  277:#if defined(DOCTEST_CONFIG_NO_WINDOWS_SEH) && defined(DOCTEST_CONFIG_WINDOWS_SEH)
        -:  278:#undef DOCTEST_CONFIG_WINDOWS_SEH
        -:  279:#endif // DOCTEST_CONFIG_NO_WINDOWS_SEH
        -:  280:
        -:  281:#if !defined(_WIN32) && !defined(__QNX__) && !defined(DOCTEST_CONFIG_POSIX_SIGNALS) &&             \
        -:  282:        !defined(__EMSCRIPTEN__) && !defined(__wasi__)
        -:  283:#define DOCTEST_CONFIG_POSIX_SIGNALS
        -:  284:#endif // _WIN32
        -:  285:#if defined(DOCTEST_CONFIG_NO_POSIX_SIGNALS) && defined(DOCTEST_CONFIG_POSIX_SIGNALS)
        -:  286:#undef DOCTEST_CONFIG_POSIX_SIGNALS
        -:  287:#endif // DOCTEST_CONFIG_NO_POSIX_SIGNALS
        -:  288:
        -:  289:#ifndef DOCTEST_CONFIG_NO_EXCEPTIONS
        -:  290:#if !defined(__cpp_exceptions) && !defined(__EXCEPTIONS) && !defined(_CPPUNWIND)                   \
        -:  291:        || defined(__wasi__)
        -:  292:#define DOCTEST_CONFIG_NO_EXCEPTIONS
        -:  293:#endif // no exceptions
        -:  294:#endif // DOCTEST_CONFIG_NO_EXCEPTIONS
        -:  295:
        -:  296:#ifdef DOCTEST_CONFIG_NO_EXCEPTIONS_BUT_WITH_ALL_ASSERTS
        -:  297:#ifndef DOCTEST_CONFIG_NO_EXCEPTIONS
        -:  298:#define DOCTEST_CONFIG_NO_EXCEPTIONS
        -:  299:#endif // DOCTEST_CONFIG_NO_EXCEPTIONS
        -:  300:#endif // DOCTEST_CONFIG_NO_EXCEPTIONS_BUT_WITH_ALL_ASSERTS
        -:  301:
        -:  302:#if defined(DOCTEST_CONFIG_NO_EXCEPTIONS) && !defined(DOCTEST_CONFIG_NO_TRY_CATCH_IN_ASSERTS)
        -:  303:#define DOCTEST_CONFIG_NO_TRY_CATCH_IN_ASSERTS
        -:  304:#endif // DOCTEST_CONFIG_NO_EXCEPTIONS && !DOCTEST_CONFIG_NO_TRY_CATCH_IN_ASSERTS
        -:  305:
        -:  306:#ifdef __wasi__
        -:  307:#define DOCTEST_CONFIG_NO_MULTITHREADING
        -:  308:#endif
        -:  309:
        -:  310:#if defined(DOCTEST_CONFIG_IMPLEMENT_WITH_MAIN) && !defined(DOCTEST_CONFIG_IMPLEMENT)
        -:  311:#define DOCTEST_CONFIG_IMPLEMENT
        -:  312:#endif // DOCTEST_CONFIG_IMPLEMENT_WITH_MAIN
        -:  313:
        -:  314:#if defined(_WIN32) || defined(__CYGWIN__)
        -:  315:#if DOCTEST_MSVC
        -:  316:#define DOCTEST_SYMBOL_EXPORT __declspec(dllexport)
        -:  317:#define DOCTEST_SYMBOL_IMPORT __declspec(dllimport)
        -:  318:#else // MSVC
        -:  319:#define DOCTEST_SYMBOL_EXPORT __attribute__((dllexport))
        -:  320:#define DOCTEST_SYMBOL_IMPORT __attribute__((dllimport))
        -:  321:#endif // MSVC
        -:  322:#else  // _WIN32
        -:  323:#define DOCTEST_SYMBOL_EXPORT __attribute__((visibility("default")))
        -:  324:#define DOCTEST_SYMBOL_IMPORT
        -:  325:#endif // _WIN32
        -:  326:
        -:  327:#ifdef DOCTEST_CONFIG_IMPLEMENTATION_IN_DLL
        -:  328:#ifdef DOCTEST_CONFIG_IMPLEMENT
        -:  329:#define DOCTEST_INTERFACE DOCTEST_SYMBOL_EXPORT
        -:  330:#else // DOCTEST_CONFIG_IMPLEMENT
        -:  331:#define DOCTEST_INTERFACE DOCTEST_SYMBOL_IMPORT
        -:  332:#endif // DOCTEST_CONFIG_IMPLEMENT
        -:  333:#else  // DOCTEST_CONFIG_IMPLEMENTATION_IN_DLL
        -:  334:#define DOCTEST_INTERFACE
        -:  335:#endif // DOCTEST_CONFIG_IMPLEMENTATION_IN_DLL
        -:  336:
        -:  337:// needed for extern template instantiations
        -:  338:// see https://github.com/fmtlib/fmt/issues/2228
        -:  339:#if DOCTEST_MSVC
        -:  340:#define DOCTEST_INTERFACE_DECL
        -:  341:#define DOCTEST_INTERFACE_DEF DOCTEST_INTERFACE
        -:  342:#else // DOCTEST_MSVC
        -:  343:#define DOCTEST_INTERFACE_DECL DOCTEST_INTERFACE
        -:  344:#define DOCTEST_INTERFACE_DEF
        -:  345:#endif // DOCTEST_MSVC
        -:  346:
        -:  347:#define DOCTEST_EMPTY
        -:  348:
        -:  349:#if DOCTEST_MSVC
        -:  350:#define DOCTEST_NOINLINE __declspec(noinline)
        -:  351:#define DOCTEST_UNUSED
        -:  352:#define DOCTEST_ALIGNMENT(x)
        -:  353:#elif DOCTEST_CLANG && DOCTEST_CLANG < DOCTEST_COMPILER(3, 5, 0)
        -:  354:#define DOCTEST_NOINLINE
        -:  355:#define DOCTEST_UNUSED
        -:  356:#define DOCTEST_ALIGNMENT(x)
        -:  357:#else
        -:  358:#define DOCTEST_NOINLINE __attribute__((noinline))
        -:  359:#define DOCTEST_UNUSED __attribute__((unused))
        -:  360:#define DOCTEST_ALIGNMENT(x) __attribute__((aligned(x)))
        -:  361:#endif
        -:  362:
        -:  363:#ifdef DOCTEST_CONFIG_NO_CONTRADICTING_INLINE
        -:  364:#define DOCTEST_INLINE_NOINLINE inline
        -:  365:#else
        -:  366:#define DOCTEST_INLINE_NOINLINE inline DOCTEST_NOINLINE
        -:  367:#endif
        -:  368:
        -:  369:#ifndef DOCTEST_NORETURN
        -:  370:#if DOCTEST_MSVC && (DOCTEST_MSVC < DOCTEST_COMPILER(19, 0, 0))
        -:  371:#define DOCTEST_NORETURN
        -:  372:#else // DOCTEST_MSVC
        -:  373:#define DOCTEST_NORETURN [[noreturn]]
        -:  374:#endif // DOCTEST_MSVC
        -:  375:#endif // DOCTEST_NORETURN
        -:  376:
        -:  377:#ifndef DOCTEST_NOEXCEPT
        -:  378:#if DOCTEST_MSVC && (DOCTEST_MSVC < DOCTEST_COMPILER(19, 0, 0))
        -:  379:#define DOCTEST_NOEXCEPT
        -:  380:#else // DOCTEST_MSVC
        -:  381:#define DOCTEST_NOEXCEPT noexcept
        -:  382:#endif // DOCTEST_MSVC
        -:  383:#endif // DOCTEST_NOEXCEPT
        -:  384:
        -:  385:#ifndef DOCTEST_CONSTEXPR
        -:  386:#if DOCTEST_MSVC && (DOCTEST_MSVC < DOCTEST_COMPILER(19, 0, 0))
        -:  387:#define DOCTEST_CONSTEXPR const
        -:  388:#define DOCTEST_CONSTEXPR_FUNC inline
        -:  389:#else // DOCTEST_MSVC
        -:  390:#define DOCTEST_CONSTEXPR constexpr
        -:  391:#define DOCTEST_CONSTEXPR_FUNC constexpr
        -:  392:#endif // DOCTEST_MSVC
        -:  393:#endif // DOCTEST_CONSTEXPR
        -:  394:
        -:  395:#ifndef DOCTEST_NO_SANITIZE_INTEGER
        -:  396:#if DOCTEST_CLANG >= DOCTEST_COMPILER(3, 7, 0)
        -:  397:#define DOCTEST_NO_SANITIZE_INTEGER __attribute__((no_sanitize("integer")))
        -:  398:#else
        -:  399:#define DOCTEST_NO_SANITIZE_INTEGER
        -:  400:#endif
        -:  401:#endif // DOCTEST_NO_SANITIZE_INTEGER
        -:  402:
        -:  403:// =================================================================================================
        -:  404:// == FEATURE DETECTION END ========================================================================
        -:  405:// =================================================================================================
        -:  406:
        -:  407:#define DOCTEST_DECLARE_INTERFACE(name)                                                            \
        -:  408:    virtual ~name();                                                                               \
        -:  409:    name() = default;                                                                              \
        -:  410:    name(const name&) = delete;                                                                    \
        -:  411:    name(name&&) = delete;                                                                         \
        -:  412:    name& operator=(const name&) = delete;                                                         \
        -:  413:    name& operator=(name&&) = delete;
        -:  414:
        -:  415:#define DOCTEST_DEFINE_INTERFACE(name)                                                             \
        -:  416:    name::~name() = default;
        -:  417:
        -:  418:// internal macros for string concatenation and anonymous variable name generation
        -:  419:#define DOCTEST_CAT_IMPL(s1, s2) s1##s2
        -:  420:#define DOCTEST_CAT(s1, s2) DOCTEST_CAT_IMPL(s1, s2)
        -:  421:#ifdef __COUNTER__ // not standard and may be missing for some compilers
        -:  422:#define DOCTEST_ANONYMOUS(x) DOCTEST_CAT(x, __COUNTER__)
        -:  423:#else // __COUNTER__
        -:  424:#define DOCTEST_ANONYMOUS(x) DOCTEST_CAT(x, __LINE__)
        -:  425:#endif // __COUNTER__
        -:  426:
        -:  427:#ifndef DOCTEST_CONFIG_ASSERTION_PARAMETERS_BY_VALUE
        -:  428:#define DOCTEST_REF_WRAP(x) x&
        -:  429:#else // DOCTEST_CONFIG_ASSERTION_PARAMETERS_BY_VALUE
        -:  430:#define DOCTEST_REF_WRAP(x) x
        -:  431:#endif // DOCTEST_CONFIG_ASSERTION_PARAMETERS_BY_VALUE
        -:  432:
        -:  433:// not using __APPLE__ because... this is how Catch does it
        -:  434:#ifdef __MAC_OS_X_VERSION_MIN_REQUIRED
        -:  435:#define DOCTEST_PLATFORM_MAC
        -:  436:#elif defined(__IPHONE_OS_VERSION_MIN_REQUIRED)
        -:  437:#define DOCTEST_PLATFORM_IPHONE
        -:  438:#elif defined(_WIN32)
        -:  439:#define DOCTEST_PLATFORM_WINDOWS
        -:  440:#elif defined(__wasi__)
        -:  441:#define DOCTEST_PLATFORM_WASI
        -:  442:#else // DOCTEST_PLATFORM
        -:  443:#define DOCTEST_PLATFORM_LINUX
        -:  444:#endif // DOCTEST_PLATFORM
        -:  445:
        -:  446:namespace doctest { namespace detail {
        6:  447:    static DOCTEST_CONSTEXPR int consume(const int*, int) noexcept { return 0; }
        -:  448:}}
        -:  449:
        -:  450:#define DOCTEST_GLOBAL_NO_WARNINGS(var, ...)                                                         \
        -:  451:    DOCTEST_CLANG_SUPPRESS_WARNING_WITH_PUSH("-Wglobal-constructors")                                \
        -:  452:    static const int var = doctest::detail::consume(&var, __VA_ARGS__);                              \
        -:  453:    DOCTEST_CLANG_SUPPRESS_WARNING_POP
        -:  454:
        -:  455:#ifndef DOCTEST_BREAK_INTO_DEBUGGER
        -:  456:// should probably take a look at https://github.com/scottt/debugbreak
        -:  457:#ifdef DOCTEST_PLATFORM_LINUX
        -:  458:#if defined(__GNUC__) && (defined(__i386) || defined(__x86_64))
        -:  459:// Break at the location of the failing check if possible
        -:  460:#define DOCTEST_BREAK_INTO_DEBUGGER() __asm__("int $3\n" : :) // NOLINT(hicpp-no-assembler)
        -:  461:#else
        -:  462:#include <signal.h>
        -:  463:#define DOCTEST_BREAK_INTO_DEBUGGER() raise(SIGTRAP)
        -:  464:#endif
        -:  465:#elif defined(DOCTEST_PLATFORM_MAC)
        -:  466:#if defined(__x86_64) || defined(__x86_64__) || defined(__amd64__) || defined(__i386)
        -:  467:#define DOCTEST_BREAK_INTO_DEBUGGER() __asm__("int $3\n" : :) // NOLINT(hicpp-no-assembler)
        -:  468:#elif defined(__ppc__) || defined(__ppc64__)
        -:  469:// https://www.cocoawithlove.com/2008/03/break-into-debugger.html
        -:  470:#define DOCTEST_BREAK_INTO_DEBUGGER() __asm__("li r0, 20\nsc\nnop\nli r0, 37\nli r4, 2\nsc\nnop\n": : : "memory","r0","r3","r4") // NOLINT(hicpp-no-assembler)
        -:  471:#else
        -:  472:#define DOCTEST_BREAK_INTO_DEBUGGER() __asm__("brk #0"); // NOLINT(hicpp-no-assembler)
        -:  473:#endif
        -:  474:#elif DOCTEST_MSVC
        -:  475:#define DOCTEST_BREAK_INTO_DEBUGGER() __debugbreak()
        -:  476:#elif defined(__MINGW32__)
        -:  477:DOCTEST_GCC_SUPPRESS_WARNING_WITH_PUSH("-Wredundant-decls")
        -:  478:extern "C" __declspec(dllimport) void __stdcall DebugBreak();
        -:  479:DOCTEST_GCC_SUPPRESS_WARNING_POP
        -:  480:#define DOCTEST_BREAK_INTO_DEBUGGER() ::DebugBreak()
        -:  481:#else // linux
        -:  482:#define DOCTEST_BREAK_INTO_DEBUGGER() (static_cast<void>(0))
        -:  483:#endif // linux
        -:  484:#endif // DOCTEST_BREAK_INTO_DEBUGGER
        -:  485:
        -:  486:// this is kept here for backwards compatibility since the config option was changed
        -:  487:#ifdef DOCTEST_CONFIG_USE_IOSFWD
        -:  488:#ifndef DOCTEST_CONFIG_USE_STD_HEADERS
        -:  489:#define DOCTEST_CONFIG_USE_STD_HEADERS
        -:  490:#endif
        -:  491:#endif // DOCTEST_CONFIG_USE_IOSFWD
        -:  492:
        -:  493:// for clang - always include ciso646 (which drags some std stuff) because
        -:  494:// we want to check if we are using libc++ with the _LIBCPP_VERSION macro in
        -:  495:// which case we don't want to forward declare stuff from std - for reference:
        -:  496:// https://github.com/doctest/doctest/issues/126
        -:  497:// https://github.com/doctest/doctest/issues/356
        -:  498:#if DOCTEST_CLANG
        -:  499:#include <ciso646>
        -:  500:#endif // clang
        -:  501:
        -:  502:#ifdef _LIBCPP_VERSION
        -:  503:#ifndef DOCTEST_CONFIG_USE_STD_HEADERS
        -:  504:#define DOCTEST_CONFIG_USE_STD_HEADERS
        -:  505:#endif
        -:  506:#endif // _LIBCPP_VERSION
        -:  507:
        -:  508:#ifdef DOCTEST_CONFIG_USE_STD_HEADERS
        -:  509:#ifndef DOCTEST_CONFIG_INCLUDE_TYPE_TRAITS
        -:  510:#define DOCTEST_CONFIG_INCLUDE_TYPE_TRAITS
        -:  511:#endif // DOCTEST_CONFIG_INCLUDE_TYPE_TRAITS
        -:  512:DOCTEST_MAKE_STD_HEADERS_CLEAN_FROM_WARNINGS_ON_WALL_BEGIN
        -:  513:#include <cstddef>
        -:  514:#include <ostream>
        -:  515:#include <istream>
        -:  516:DOCTEST_MAKE_STD_HEADERS_CLEAN_FROM_WARNINGS_ON_WALL_END
        -:  517:#else // DOCTEST_CONFIG_USE_STD_HEADERS
        -:  518:
        -:  519:// Forward declaring 'X' in namespace std is not permitted by the C++ Standard.
        -:  520:DOCTEST_MSVC_SUPPRESS_WARNING_WITH_PUSH(4643)
        -:  521:
        -:  522:namespace std { // NOLINT(cert-dcl58-cpp)
        -:  523:typedef decltype(nullptr) nullptr_t; // NOLINT(modernize-use-using)
        -:  524:typedef decltype(sizeof(void*)) size_t; // NOLINT(modernize-use-using)
        -:  525:template <class charT>
        -:  526:struct char_traits;
        -:  527:template <>
        -:  528:struct char_traits<char>;
        -:  529:template <class charT, class traits>
        -:  530:class basic_ostream; // NOLINT(fuchsia-virtual-inheritance)
        -:  531:typedef basic_ostream<char, char_traits<char>> ostream; // NOLINT(modernize-use-using)
        -:  532:template<class traits>
        -:  533:// NOLINTNEXTLINE
        -:  534:basic_ostream<char, traits>& operator<<(basic_ostream<char, traits>&, const char*);
        -:  535:template <class charT, class traits>
        -:  536:class basic_istream;
        -:  537:typedef basic_istream<char, char_traits<char>> istream; // NOLINT(modernize-use-using)
        -:  538:template <class... Types>
        -:  539:class tuple;
        -:  540:#if DOCTEST_MSVC >= DOCTEST_COMPILER(19, 20, 0)
        -:  541:// see this issue on why this is needed: https://github.com/doctest/doctest/issues/183
        -:  542:template <class Ty>
        -:  543:class allocator;
        -:  544:template <class Elem, class Traits, class Alloc>
        -:  545:class basic_string;
        -:  546:using string = basic_string<char, char_traits<char>, allocator<char>>;
        -:  547:#endif // VS 2019
        -:  548:} // namespace std
        -:  549:
        -:  550:DOCTEST_MSVC_SUPPRESS_WARNING_POP
        -:  551:
        -:  552:#endif // DOCTEST_CONFIG_USE_STD_HEADERS
        -:  553:
        -:  554:#ifdef DOCTEST_CONFIG_INCLUDE_TYPE_TRAITS
        -:  555:#include <type_traits>
        -:  556:#endif // DOCTEST_CONFIG_INCLUDE_TYPE_TRAITS
        -:  557:
        -:  558:namespace doctest {
        -:  559:
        -:  560:using std::size_t;
        -:  561:
        -:  562:DOCTEST_INTERFACE extern bool is_running_in_test;
        -:  563:
        -:  564:#ifndef DOCTEST_CONFIG_STRING_SIZE_TYPE
        -:  565:#define DOCTEST_CONFIG_STRING_SIZE_TYPE unsigned
        -:  566:#endif
        -:  567:
        -:  568:// A 24 byte string class (can be as small as 17 for x64 and 13 for x86) that can hold strings with length
        -:  569:// of up to 23 chars on the stack before going on the heap - the last byte of the buffer is used for:
        -:  570:// - "is small" bit - the highest bit - if "0" then it is small - otherwise its "1" (128)
        -:  571:// - if small - capacity left before going on the heap - using the lowest 5 bits
        -:  572:// - if small - 2 bits are left unused - the second and third highest ones
        -:  573:// - if small - acts as a null terminator if strlen() is 23 (24 including the null terminator)
        -:  574://              and the "is small" bit remains "0" ("as well as the capacity left") so its OK
        -:  575:// Idea taken from this lecture about the string implementation of facebook/folly - fbstring
        -:  576:// https://www.youtube.com/watch?v=kPR8h4-qZdk
        -:  577:// TODO:
        -:  578:// - optimizations - like not deleting memory unnecessarily in operator= and etc.
        -:  579:// - resize/reserve/clear
        -:  580:// - replace
        -:  581:// - back/front
        -:  582:// - iterator stuff
        -:  583:// - find & friends
        -:  584:// - push_back/pop_back
        -:  585:// - assign/insert/erase
        -:  586:// - relational operators as free functions - taking const char* as one of the params
        -:  587:class DOCTEST_INTERFACE String
        -:  588:{
        -:  589:public:
        -:  590:    using size_type = DOCTEST_CONFIG_STRING_SIZE_TYPE;
        -:  591:
        -:  592:private:
        -:  593:    static DOCTEST_CONSTEXPR size_type len  = 24;      //!OCLINT avoid private static members
        -:  594:    static DOCTEST_CONSTEXPR size_type last = len - 1; //!OCLINT avoid private static members
        -:  595:
        -:  596:    struct view // len should be more than sizeof(view) - because of the final byte for flags
        -:  597:    {
        -:  598:        char*    ptr;
        -:  599:        size_type size;
        -:  600:        size_type capacity;
        -:  601:    };
        -:  602:
        -:  603:    union
        -:  604:    {
        -:  605:        char buf[len]; // NOLINT(*-avoid-c-arrays)
        -:  606:        view data;
        -:  607:    };
        -:  608:
        -:  609:    char* allocate(size_type sz);
        -:  610:
      613:  611:    bool isOnStack() const noexcept { return (buf[last] & 128) == 0; }
        -:  612:    void setOnHeap() noexcept;
        -:  613:    void setLast(size_type in = last) noexcept;
        -:  614:    void setSize(size_type sz) noexcept;
        -:  615:
        -:  616:    void copy(const String& other);
        -:  617:
        -:  618:public:
        -:  619:    static DOCTEST_CONSTEXPR size_type npos = static_cast<size_type>(-1);
        -:  620:
        -:  621:    String() noexcept;
        -:  622:    ~String();
        -:  623:
        -:  624:    // cppcheck-suppress noExplicitConstructor
        -:  625:    String(const char* in);
        -:  626:    String(const char* in, size_type in_size);
        -:  627:
        -:  628:    String(std::istream& in, size_type in_size);
        -:  629:
        -:  630:    String(const String& other);
        -:  631:    String& operator=(const String& other);
        -:  632:
        -:  633:    String& operator+=(const String& other);
        -:  634:
        -:  635:    String(String&& other) noexcept;
        -:  636:    String& operator=(String&& other) noexcept;
        -:  637:
        -:  638:    char  operator[](size_type i) const;
        -:  639:    char& operator[](size_type i);
        -:  640:
        -:  641:    // the only functions I'm willing to leave in the interface - available for inlining
       25:  642:    const char* c_str() const { return const_cast<String*>(this)->c_str(); } // NOLINT
       25:  643:    char*       c_str() {
       25:  644:        if (isOnStack()) {
       25:  645:            return reinterpret_cast<char*>(buf);
        -:  646:        }
    #####:  647:        return data.ptr;
        -:  648:    }
        -:  649:
        -:  650:    size_type size() const;
        -:  651:    size_type capacity() const;
        -:  652:
        -:  653:    String substr(size_type pos, size_type cnt = npos) &&;
        -:  654:    String substr(size_type pos, size_type cnt = npos) const &;
        -:  655:
        -:  656:    size_type find(char ch, size_type pos = 0) const;
        -:  657:    size_type rfind(char ch, size_type pos = npos) const;
        -:  658:
        -:  659:    int compare(const char* other, bool no_case = false) const;
        -:  660:    int compare(const String& other, bool no_case = false) const;
        -:  661:
        -:  662:friend DOCTEST_INTERFACE std::ostream& operator<<(std::ostream& s, const String& in);
        -:  663:};
        -:  664:
        -:  665:DOCTEST_INTERFACE String operator+(const String& lhs, const String& rhs);
        -:  666:
        -:  667:DOCTEST_INTERFACE bool operator==(const String& lhs, const String& rhs);
        -:  668:DOCTEST_INTERFACE bool operator!=(const String& lhs, const String& rhs);
        -:  669:DOCTEST_INTERFACE bool operator<(const String& lhs, const String& rhs);
        -:  670:DOCTEST_INTERFACE bool operator>(const String& lhs, const String& rhs);
        -:  671:DOCTEST_INTERFACE bool operator<=(const String& lhs, const String& rhs);
        -:  672:DOCTEST_INTERFACE bool operator>=(const String& lhs, const String& rhs);
        -:  673:
        -:  674:class DOCTEST_INTERFACE Contains {
        -:  675:public:
        -:  676:    explicit Contains(const String& string);
        -:  677:
        -:  678:    bool checkWith(const String& other) const;
        -:  679:
        -:  680:    String string;
        -:  681:};
        -:  682:
        -:  683:DOCTEST_INTERFACE String toString(const Contains& in);
        -:  684:
        -:  685:DOCTEST_INTERFACE bool operator==(const String& lhs, const Contains& rhs);
        -:  686:DOCTEST_INTERFACE bool operator==(const Contains& lhs, const String& rhs);
        -:  687:DOCTEST_INTERFACE bool operator!=(const String& lhs, const Contains& rhs);
        -:  688:DOCTEST_INTERFACE bool operator!=(const Contains& lhs, const String& rhs);
        -:  689:
        -:  690:namespace Color {
        -:  691:    enum Enum
        -:  692:    {
        -:  693:        None = 0,
        -:  694:        White,
        -:  695:        Red,
        -:  696:        Green,
        -:  697:        Blue,
        -:  698:        Cyan,
        -:  699:        Yellow,
        -:  700:        Grey,
        -:  701:
        -:  702:        Bright = 0x10,
        -:  703:
        -:  704:        BrightRed   = Bright | Red,
        -:  705:        BrightGreen = Bright | Green,
        -:  706:        LightGrey   = Bright | Grey,
        -:  707:        BrightWhite = Bright | White
        -:  708:    };
        -:  709:
        -:  710:    DOCTEST_INTERFACE std::ostream& operator<<(std::ostream& s, Color::Enum code);
        -:  711:} // namespace Color
        -:  712:
        -:  713:namespace assertType {
        -:  714:    enum Enum
        -:  715:    {
        -:  716:        // macro traits
        -:  717:
        -:  718:        is_warn    = 1,
        -:  719:        is_check   = 2 * is_warn,
        -:  720:        is_require = 2 * is_check,
        -:  721:
        -:  722:        is_normal      = 2 * is_require,
        -:  723:        is_throws      = 2 * is_normal,
        -:  724:        is_throws_as   = 2 * is_throws,
        -:  725:        is_throws_with = 2 * is_throws_as,
        -:  726:        is_nothrow     = 2 * is_throws_with,
        -:  727:
        -:  728:        is_false = 2 * is_nothrow,
        -:  729:        is_unary = 2 * is_false, // not checked anywhere - used just to distinguish the types
        -:  730:
        -:  731:        is_eq = 2 * is_unary,
        -:  732:        is_ne = 2 * is_eq,
        -:  733:
        -:  734:        is_lt = 2 * is_ne,
        -:  735:        is_gt = 2 * is_lt,
        -:  736:
        -:  737:        is_ge = 2 * is_gt,
        -:  738:        is_le = 2 * is_ge,
        -:  739:
        -:  740:        // macro types
        -:  741:
        -:  742:        DT_WARN    = is_normal | is_warn,
        -:  743:        DT_CHECK   = is_normal | is_check,
        -:  744:        DT_REQUIRE = is_normal | is_require,
        -:  745:
        -:  746:        DT_WARN_FALSE    = is_normal | is_false | is_warn,
        -:  747:        DT_CHECK_FALSE   = is_normal | is_false | is_check,
        -:  748:        DT_REQUIRE_FALSE = is_normal | is_false | is_require,
        -:  749:
        -:  750:        DT_WARN_THROWS    = is_throws | is_warn,
        -:  751:        DT_CHECK_THROWS   = is_throws | is_check,
        -:  752:        DT_REQUIRE_THROWS = is_throws | is_require,
        -:  753:
        -:  754:        DT_WARN_THROWS_AS    = is_throws_as | is_warn,
        -:  755:        DT_CHECK_THROWS_AS   = is_throws_as | is_check,
        -:  756:        DT_REQUIRE_THROWS_AS = is_throws_as | is_require,
        -:  757:
        -:  758:        DT_WARN_THROWS_WITH    = is_throws_with | is_warn,
        -:  759:        DT_CHECK_THROWS_WITH   = is_throws_with | is_check,
        -:  760:        DT_REQUIRE_THROWS_WITH = is_throws_with | is_require,
        -:  761:
        -:  762:        DT_WARN_THROWS_WITH_AS    = is_throws_with | is_throws_as | is_warn,
        -:  763:        DT_CHECK_THROWS_WITH_AS   = is_throws_with | is_throws_as | is_check,
        -:  764:        DT_REQUIRE_THROWS_WITH_AS = is_throws_with | is_throws_as | is_require,
        -:  765:
        -:  766:        DT_WARN_NOTHROW    = is_nothrow | is_warn,
        -:  767:        DT_CHECK_NOTHROW   = is_nothrow | is_check,
        -:  768:        DT_REQUIRE_NOTHROW = is_nothrow | is_require,
        -:  769:
        -:  770:        DT_WARN_EQ    = is_normal | is_eq | is_warn,
        -:  771:        DT_CHECK_EQ   = is_normal | is_eq | is_check,
        -:  772:        DT_REQUIRE_EQ = is_normal | is_eq | is_require,
        -:  773:
        -:  774:        DT_WARN_NE    = is_normal | is_ne | is_warn,
        -:  775:        DT_CHECK_NE   = is_normal | is_ne | is_check,
        -:  776:        DT_REQUIRE_NE = is_normal | is_ne | is_require,
        -:  777:
        -:  778:        DT_WARN_GT    = is_normal | is_gt | is_warn,
        -:  779:        DT_CHECK_GT   = is_normal | is_gt | is_check,
        -:  780:        DT_REQUIRE_GT = is_normal | is_gt | is_require,
        -:  781:
        -:  782:        DT_WARN_LT    = is_normal | is_lt | is_warn,
        -:  783:        DT_CHECK_LT   = is_normal | is_lt | is_check,
        -:  784:        DT_REQUIRE_LT = is_normal | is_lt | is_require,
        -:  785:
        -:  786:        DT_WARN_GE    = is_normal | is_ge | is_warn,
        -:  787:        DT_CHECK_GE   = is_normal | is_ge | is_check,
        -:  788:        DT_REQUIRE_GE = is_normal | is_ge | is_require,
        -:  789:
        -:  790:        DT_WARN_LE    = is_normal | is_le | is_warn,
        -:  791:        DT_CHECK_LE   = is_normal | is_le | is_check,
        -:  792:        DT_REQUIRE_LE = is_normal | is_le | is_require,
        -:  793:
        -:  794:        DT_WARN_UNARY    = is_normal | is_unary | is_warn,
        -:  795:        DT_CHECK_UNARY   = is_normal | is_unary | is_check,
        -:  796:        DT_REQUIRE_UNARY = is_normal | is_unary | is_require,
        -:  797:
        -:  798:        DT_WARN_UNARY_FALSE    = is_normal | is_false | is_unary | is_warn,
        -:  799:        DT_CHECK_UNARY_FALSE   = is_normal | is_false | is_unary | is_check,
        -:  800:        DT_REQUIRE_UNARY_FALSE = is_normal | is_false | is_unary | is_require,
        -:  801:    };
        -:  802:} // namespace assertType
        -:  803:
        -:  804:DOCTEST_INTERFACE const char* assertString(assertType::Enum at);
        -:  805:DOCTEST_INTERFACE const char* failureString(assertType::Enum at);
        -:  806:DOCTEST_INTERFACE const char* skipPathFromFilename(const char* file);
        -:  807:
        -:  808:struct DOCTEST_INTERFACE TestCaseData
        -:  809:{
        -:  810:    String      m_file;       // the file in which the test was registered (using String - see #350)
        -:  811:    unsigned    m_line;       // the line where the test was registered
        -:  812:    const char* m_name;       // name of the test case
        -:  813:    const char* m_test_suite; // the test suite in which the test was added
        -:  814:    const char* m_description;
        -:  815:    bool        m_skip;
        -:  816:    bool        m_no_breaks;
        -:  817:    bool        m_no_output;
        -:  818:    bool        m_may_fail;
        -:  819:    bool        m_should_fail;
        -:  820:    int         m_expected_failures;
        -:  821:    double      m_timeout;
        -:  822:};
        -:  823:
        -:  824:struct DOCTEST_INTERFACE AssertData
        -:  825:{
        -:  826:    // common - for all asserts
        -:  827:    const TestCaseData* m_test_case;
        -:  828:    assertType::Enum    m_at;
        -:  829:    const char*         m_file;
        -:  830:    int                 m_line;
        -:  831:    const char*         m_expr;
        -:  832:    bool                m_failed;
        -:  833:
        -:  834:    // exception-related - for all asserts
        -:  835:    bool   m_threw;
        -:  836:    String m_exception;
        -:  837:
        -:  838:    // for normal asserts
        -:  839:    String m_decomp;
        -:  840:
        -:  841:    // for specific exception-related asserts
        -:  842:    bool           m_threw_as;
        -:  843:    const char*    m_exception_type;
        -:  844:
        -:  845:    class DOCTEST_INTERFACE StringContains {
        -:  846:        private:
        -:  847:            Contains content;
        -:  848:            bool isContains;
        -:  849:
        -:  850:        public:
       14:  851:            StringContains(const String& str) : content(str), isContains(false) { }
    #####:  852:            StringContains(Contains cntn) : content(static_cast<Contains&&>(cntn)), isContains(true) { }
        -:  853:
    #####:  854:            bool check(const String& str) { return isContains ? (content == str) : (content.string == str); }
        -:  855:
        -:  856:            operator const String&() const { return content.string; }
        -:  857:
    #####:  858:            const char* c_str() const { return content.string.c_str(); }
        -:  859:    } m_exception_string;
        -:  860:
        -:  861:    AssertData(assertType::Enum at, const char* file, int line, const char* expr,
        -:  862:        const char* exception_type, const StringContains& exception_string);
        -:  863:};
        -:  864:
        -:  865:struct DOCTEST_INTERFACE MessageData
        -:  866:{
        -:  867:    String           m_string;
        -:  868:    const char*      m_file;
        -:  869:    int              m_line;
        -:  870:    assertType::Enum m_severity;
        -:  871:};
        -:  872:
        -:  873:struct DOCTEST_INTERFACE SubcaseSignature
        -:  874:{
        -:  875:    String      m_name;
        -:  876:    const char* m_file;
        -:  877:    int         m_line;
        -:  878:
        -:  879:    bool operator==(const SubcaseSignature& other) const;
        -:  880:    bool operator<(const SubcaseSignature& other) const;
        -:  881:};
        -:  882:
        -:  883:struct DOCTEST_INTERFACE IContextScope
        -:  884:{
    #####:  885:    DOCTEST_DECLARE_INTERFACE(IContextScope)
        -:  886:    virtual void stringify(std::ostream*) const = 0;
        -:  887:};
        -:  888:
        -:  889:namespace detail {
        -:  890:    struct DOCTEST_INTERFACE TestCase;
        -:  891:} // namespace detail
        -:  892:
        -:  893:struct ContextOptions //!OCLINT too many fields
        -:  894:{
        -:  895:    std::ostream* cout = nullptr; // stdout stream
        -:  896:    String        binary_name;    // the test binary name
        -:  897:
        -:  898:    const detail::TestCase* currentTest = nullptr;
        -:  899:
        -:  900:    // == parameters from the command line
        -:  901:    String   out;       // output filename
        -:  902:    String   order_by;  // how tests should be ordered
        -:  903:    unsigned rand_seed; // the seed for rand ordering
        -:  904:
        -:  905:    unsigned first; // the first (matching) test to be executed
        -:  906:    unsigned last;  // the last (matching) test to be executed
        -:  907:
        -:  908:    int abort_after;           // stop tests after this many failed assertions
        -:  909:    int subcase_filter_levels; // apply the subcase filters for the first N levels
        -:  910:
        -:  911:    bool success;              // include successful assertions in output
        -:  912:    bool case_sensitive;       // if filtering should be case sensitive
        -:  913:    bool exit;                 // if the program should be exited after the tests are ran/whatever
        -:  914:    bool duration;             // print the time duration of each test case
        -:  915:    bool minimal;              // minimal console output (only test failures)
        -:  916:    bool quiet;                // no console output
        -:  917:    bool no_throw;             // to skip exceptions-related assertion macros
        -:  918:    bool no_exitcode;          // if the framework should return 0 as the exitcode
        -:  919:    bool no_run;               // to not run the tests at all (can be done with an "*" exclude)
        -:  920:    bool no_intro;             // to not print the intro of the framework
        -:  921:    bool no_version;           // to not print the version of the framework
        -:  922:    bool no_colors;            // if output to the console should be colorized
        -:  923:    bool force_colors;         // forces the use of colors even when a tty cannot be detected
        -:  924:    bool no_breaks;            // to not break into the debugger
        -:  925:    bool no_skip;              // don't skip test cases which are marked to be skipped
        -:  926:    bool gnu_file_line;        // if line numbers should be surrounded with :x: and not (x):
        -:  927:    bool no_path_in_filenames; // if the path to files should be removed from the output
        -:  928:    bool no_line_numbers;      // if source code line numbers should be omitted from the output
        -:  929:    bool no_debug_output;      // no output in the debug console when a debugger is attached
        -:  930:    bool no_skipped_summary;   // don't print "skipped" in the summary !!! UNDOCUMENTED !!!
        -:  931:    bool no_time_in_output;    // omit any time/timestamps from output !!! UNDOCUMENTED !!!
        -:  932:
        -:  933:    bool help;             // to print the help
        -:  934:    bool version;          // to print the version
        -:  935:    bool count;            // if only the count of matching tests is to be retrieved
        -:  936:    bool list_test_cases;  // to list all tests matching the filters
        -:  937:    bool list_test_suites; // to list all suites matching the filters
        -:  938:    bool list_reporters;   // lists all registered reporters
        -:  939:};
        -:  940:
        -:  941:namespace detail {
        -:  942:    namespace types {
        -:  943:#ifdef DOCTEST_CONFIG_INCLUDE_TYPE_TRAITS
        -:  944:        using namespace std;
        -:  945:#else
        -:  946:        template <bool COND, typename T = void>
        -:  947:        struct enable_if { };
        -:  948:
        -:  949:        template <typename T>
        -:  950:        struct enable_if<true, T> { using type = T; };
        -:  951:
        -:  952:        struct true_type { static DOCTEST_CONSTEXPR bool value = true; };
        -:  953:        struct false_type { static DOCTEST_CONSTEXPR bool value = false; };
        -:  954:
        -:  955:        template <typename T> struct remove_reference { using type = T; };
        -:  956:        template <typename T> struct remove_reference<T&> { using type = T; };
        -:  957:        template <typename T> struct remove_reference<T&&> { using type = T; };
        -:  958:
        -:  959:        template <typename T> struct is_rvalue_reference : false_type { };
        -:  960:        template <typename T> struct is_rvalue_reference<T&&> : true_type { };
        -:  961:
        -:  962:        template<typename T> struct remove_const { using type = T; };
        -:  963:        template <typename T> struct remove_const<const T> { using type = T; };
        -:  964:
        -:  965:        // Compiler intrinsics
        -:  966:        template <typename T> struct is_enum { static DOCTEST_CONSTEXPR bool value = __is_enum(T); };
        -:  967:        template <typename T> struct underlying_type { using type = __underlying_type(T); };
        -:  968:
        -:  969:        template <typename T> struct is_pointer : false_type { };
        -:  970:        template <typename T> struct is_pointer<T*> : true_type { };
        -:  971:
        -:  972:        template <typename T> struct is_array : false_type { };
        -:  973:        // NOLINTNEXTLINE(*-avoid-c-arrays)
        -:  974:        template <typename T, size_t SIZE> struct is_array<T[SIZE]> : true_type { };
        -:  975:#endif
        -:  976:    }
        -:  977:
        -:  978:    // <utility>
        -:  979:    template <typename T>
        -:  980:    T&& declval();
        -:  981:
        -:  982:    template <class T>
        8:  983:    DOCTEST_CONSTEXPR_FUNC T&& forward(typename types::remove_reference<T>::type& t) DOCTEST_NOEXCEPT {
        8:  984:        return static_cast<T&&>(t);
        -:  985:    }
------------------
_ZN7doctest6detail7forwardImEEOT_RNS0_5types16remove_referenceIS2_E4typeE:
        4:  983:    DOCTEST_CONSTEXPR_FUNC T&& forward(typename types::remove_reference<T>::type& t) DOCTEST_NOEXCEPT {
        4:  984:        return static_cast<T&&>(t);
        -:  985:    }
------------------
_ZN7doctest6detail7forwardIKmEEOT_RNS0_5types16remove_referenceIS3_E4typeE:
        4:  983:    DOCTEST_CONSTEXPR_FUNC T&& forward(typename types::remove_reference<T>::type& t) DOCTEST_NOEXCEPT {
        4:  984:        return static_cast<T&&>(t);
        -:  985:    }
------------------
        -:  986:
        -:  987:    template <class T>
        -:  988:    DOCTEST_CONSTEXPR_FUNC T&& forward(typename types::remove_reference<T>::type&& t) DOCTEST_NOEXCEPT {
        -:  989:        return static_cast<T&&>(t);
        -:  990:    }
        -:  991:
        -:  992:    template <typename T>
        -:  993:    struct deferred_false : types::false_type { };
        -:  994:
        -:  995:// MSVS 2015 :(
        -:  996:#if !DOCTEST_CLANG && defined(_MSC_VER) && _MSC_VER <= 1900
        -:  997:    template <typename T, typename = void>
        -:  998:    struct has_global_insertion_operator : types::false_type { };
        -:  999:
        -: 1000:    template <typename T>
        -: 1001:    struct has_global_insertion_operator<T, decltype(::operator<<(declval<std::ostream&>(), declval<const T&>()), void())> : types::true_type { };
        -: 1002:
        -: 1003:    template <typename T, typename = void>
        -: 1004:    struct has_insertion_operator { static DOCTEST_CONSTEXPR bool value = has_global_insertion_operator<T>::value; };
        -: 1005:
        -: 1006:    template <typename T, bool global>
        -: 1007:    struct insert_hack;
        -: 1008:
        -: 1009:    template <typename T>
        -: 1010:    struct insert_hack<T, true> {
        -: 1011:        static void insert(std::ostream& os, const T& t) { ::operator<<(os, t); }
        -: 1012:    };
        -: 1013:
        -: 1014:    template <typename T>
        -: 1015:    struct insert_hack<T, false> {
        -: 1016:        static void insert(std::ostream& os, const T& t) { operator<<(os, t); }
        -: 1017:    };
        -: 1018:
        -: 1019:    template <typename T>
        -: 1020:    using insert_hack_t = insert_hack<T, has_global_insertion_operator<T>::value>;
        -: 1021:#else
        -: 1022:    template <typename T, typename = void>
        -: 1023:    struct has_insertion_operator : types::false_type { };
        -: 1024:#endif
        -: 1025:
        -: 1026:    template <typename T>
        -: 1027:    struct has_insertion_operator<T, decltype(operator<<(declval<std::ostream&>(), declval<const T&>()), void())> : types::true_type { };
        -: 1028:
        -: 1029:    template <typename T>
        -: 1030:    struct should_stringify_as_underlying_type {
        -: 1031:        static DOCTEST_CONSTEXPR bool value = detail::types::is_enum<T>::value && !doctest::detail::has_insertion_operator<T>::value;
        -: 1032:    };
        -: 1033:
        -: 1034:    DOCTEST_INTERFACE std::ostream* tlssPush();
        -: 1035:    DOCTEST_INTERFACE String tlssPop();
        -: 1036:
        -: 1037:    template <bool C>
        -: 1038:    struct StringMakerBase {
        -: 1039:        template <typename T>
        -: 1040:        static String convert(const DOCTEST_REF_WRAP(T)) {
        -: 1041:#ifdef DOCTEST_CONFIG_REQUIRE_STRINGIFICATION_FOR_ALL_USED_TYPES
        -: 1042:            static_assert(deferred_false<T>::value, "No stringification detected for type T. See string conversion manual");
        -: 1043:#endif
        -: 1044:            return "{?}";
        -: 1045:        }
        -: 1046:    };
        -: 1047:
        -: 1048:    template <typename T>
        -: 1049:    struct filldata;
        -: 1050:
        -: 1051:    template <typename T>
        -: 1052:    void filloss(std::ostream* stream, const T& in) {
        -: 1053:        filldata<T>::fill(stream, in);
        -: 1054:    }
        -: 1055:
        -: 1056:    template <typename T, size_t N>
        -: 1057:    void filloss(std::ostream* stream, const T (&in)[N]) { // NOLINT(*-avoid-c-arrays)
        -: 1058:        // T[N], T(&)[N], T(&&)[N] have same behaviour.
        -: 1059:        // Hence remove reference.
        -: 1060:        filloss<typename types::remove_reference<decltype(in)>::type>(stream, in);
        -: 1061:    }
        -: 1062:
        -: 1063:    template <typename T>
        -: 1064:    String toStream(const T& in) {
        -: 1065:        std::ostream* stream = tlssPush();
        -: 1066:        filloss(stream, in);
        -: 1067:        return tlssPop();
        -: 1068:    }
        -: 1069:
        -: 1070:    template <>
        -: 1071:    struct StringMakerBase<true> {
        -: 1072:        template <typename T>
        -: 1073:        static String convert(const DOCTEST_REF_WRAP(T) in) {
        -: 1074:            return toStream(in);
        -: 1075:        }
        -: 1076:    };
        -: 1077:} // namespace detail
        -: 1078:
        -: 1079:template <typename T>
        -: 1080:struct StringMaker : public detail::StringMakerBase<
        -: 1081:    detail::has_insertion_operator<T>::value || detail::types::is_pointer<T>::value || detail::types::is_array<T>::value>
        -: 1082:{};
        -: 1083:
        -: 1084:#ifndef DOCTEST_STRINGIFY
        -: 1085:#ifdef DOCTEST_CONFIG_DOUBLE_STRINGIFY
        -: 1086:#define DOCTEST_STRINGIFY(...) toString(toString(__VA_ARGS__))
        -: 1087:#else
        -: 1088:#define DOCTEST_STRINGIFY(...) toString(__VA_ARGS__)
        -: 1089:#endif
        -: 1090:#endif
        -: 1091:
        -: 1092:template <typename T>
        -: 1093:String toString() {
        -: 1094:#if DOCTEST_CLANG == 0 && DOCTEST_GCC == 0 && DOCTEST_ICC == 0
        -: 1095:    String ret = __FUNCSIG__; // class doctest::String __cdecl doctest::toString<TYPE>(void)
        -: 1096:    String::size_type beginPos = ret.find('<');
        -: 1097:    return ret.substr(beginPos + 1, ret.size() - beginPos - static_cast<String::size_type>(sizeof(">(void)")));
        -: 1098:#else
        -: 1099:    String ret = __PRETTY_FUNCTION__; // doctest::String toString() [with T = TYPE]
        -: 1100:    String::size_type begin = ret.find('=') + 2;
        -: 1101:    return ret.substr(begin, ret.size() - begin - 1);
        -: 1102:#endif
        -: 1103:}
        -: 1104:
        -: 1105:template <typename T, typename detail::types::enable_if<!detail::should_stringify_as_underlying_type<T>::value, bool>::type = true>
        -: 1106:String toString(const DOCTEST_REF_WRAP(T) value) {
        -: 1107:    return StringMaker<T>::convert(value);
        -: 1108:}
        -: 1109:
        -: 1110:#ifdef DOCTEST_CONFIG_TREAT_CHAR_STAR_AS_STRING
        -: 1111:DOCTEST_INTERFACE String toString(const char* in);
        -: 1112:#endif // DOCTEST_CONFIG_TREAT_CHAR_STAR_AS_STRING
        -: 1113:
        -: 1114:#if DOCTEST_MSVC >= DOCTEST_COMPILER(19, 20, 0)
        -: 1115:// see this issue on why this is needed: https://github.com/doctest/doctest/issues/183
        -: 1116:DOCTEST_INTERFACE String toString(const std::string& in);
        -: 1117:#endif // VS 2019
        -: 1118:
        -: 1119:DOCTEST_INTERFACE String toString(String in);
        -: 1120:
        -: 1121:DOCTEST_INTERFACE String toString(std::nullptr_t);
        -: 1122:
        -: 1123:DOCTEST_INTERFACE String toString(bool in);
        -: 1124:
        -: 1125:DOCTEST_INTERFACE String toString(float in);
        -: 1126:DOCTEST_INTERFACE String toString(double in);
        -: 1127:DOCTEST_INTERFACE String toString(double long in);
        -: 1128:
        -: 1129:DOCTEST_INTERFACE String toString(char in);
        -: 1130:DOCTEST_INTERFACE String toString(char signed in);
        -: 1131:DOCTEST_INTERFACE String toString(char unsigned in);
        -: 1132:DOCTEST_INTERFACE String toString(short in);
        -: 1133:DOCTEST_INTERFACE String toString(short unsigned in);
        -: 1134:DOCTEST_INTERFACE String toString(signed in);
        -: 1135:DOCTEST_INTERFACE String toString(unsigned in);
        -: 1136:DOCTEST_INTERFACE String toString(long in);
        -: 1137:DOCTEST_INTERFACE String toString(long unsigned in);
        -: 1138:DOCTEST_INTERFACE String toString(long long in);
        -: 1139:DOCTEST_INTERFACE String toString(long long unsigned in);
        -: 1140:
        -: 1141:template <typename T, typename detail::types::enable_if<detail::should_stringify_as_underlying_type<T>::value, bool>::type = true>
        -: 1142:String toString(const DOCTEST_REF_WRAP(T) value) {
        -: 1143:    using UT = typename detail::types::underlying_type<T>::type;
        -: 1144:    return (DOCTEST_STRINGIFY(static_cast<UT>(value)));
        -: 1145:}
        -: 1146:
        -: 1147:namespace detail {
        -: 1148:    template <typename T>
        -: 1149:    struct filldata
        -: 1150:    {
        -: 1151:        static void fill(std::ostream* stream, const T& in) {
        -: 1152:#if defined(_MSC_VER) && _MSC_VER <= 1900
        -: 1153:        insert_hack_t<T>::insert(*stream, in);
        -: 1154:#else
        -: 1155:        operator<<(*stream, in);
        -: 1156:#endif
        -: 1157:        }
        -: 1158:    };
        -: 1159:
        -: 1160:DOCTEST_MSVC_SUPPRESS_WARNING_WITH_PUSH(4866)
        -: 1161:// NOLINTBEGIN(*-avoid-c-arrays)
        -: 1162:    template <typename T, size_t N>
        -: 1163:    struct filldata<T[N]> {
        -: 1164:        static void fill(std::ostream* stream, const T(&in)[N]) {
        -: 1165:            *stream << "[";
        -: 1166:            for (size_t i = 0; i < N; i++) {
        -: 1167:                if (i != 0) { *stream << ", "; }
        -: 1168:                *stream << (DOCTEST_STRINGIFY(in[i]));
        -: 1169:            }
        -: 1170:            *stream << "]";
        -: 1171:        }
        -: 1172:    };
        -: 1173:// NOLINTEND(*-avoid-c-arrays)
        -: 1174:DOCTEST_MSVC_SUPPRESS_WARNING_POP
        -: 1175:
        -: 1176:    // Specialized since we don't want the terminating null byte!
        -: 1177:// NOLINTBEGIN(*-avoid-c-arrays)
        -: 1178:    template <size_t N>
        -: 1179:    struct filldata<const char[N]> {
        -: 1180:        static void fill(std::ostream* stream, const char (&in)[N]) {
        -: 1181:            *stream << String(in, in[N - 1] ? N : N - 1);
        -: 1182:        } // NOLINT(clang-analyzer-cplusplus.NewDeleteLeaks)
        -: 1183:    };
        -: 1184:// NOLINTEND(*-avoid-c-arrays)
        -: 1185:
        -: 1186:    template <>
        -: 1187:    struct filldata<const void*> {
        -: 1188:        static void fill(std::ostream* stream, const void* in);
        -: 1189:    };
        -: 1190:
        -: 1191:    template <typename T>
        -: 1192:    struct filldata<T*> {
        -: 1193:DOCTEST_MSVC_SUPPRESS_WARNING_WITH_PUSH(4180)
        -: 1194:        static void fill(std::ostream* stream, const T* in) {
        -: 1195:DOCTEST_MSVC_SUPPRESS_WARNING_POP
        -: 1196:DOCTEST_CLANG_SUPPRESS_WARNING_WITH_PUSH("-Wmicrosoft-cast")
        -: 1197:            filldata<const void*>::fill(stream,
        -: 1198:#if DOCTEST_GCC == 0 || DOCTEST_GCC >= DOCTEST_COMPILER(4, 9, 0)
        -: 1199:                reinterpret_cast<const void*>(in)
        -: 1200:#else
        -: 1201:                *reinterpret_cast<const void* const*>(&in)
        -: 1202:#endif
        -: 1203:            );
        -: 1204:DOCTEST_CLANG_SUPPRESS_WARNING_POP
        -: 1205:        }
        -: 1206:    };
        -: 1207:}
        -: 1208:
        -: 1209:struct DOCTEST_INTERFACE Approx
        -: 1210:{
        -: 1211:    Approx(double value);
        -: 1212:
        -: 1213:    Approx operator()(double value) const;
        -: 1214:
        -: 1215:#ifdef DOCTEST_CONFIG_INCLUDE_TYPE_TRAITS
        -: 1216:    template <typename T>
        -: 1217:    explicit Approx(const T& value,
        -: 1218:                    typename detail::types::enable_if<std::is_constructible<double, T>::value>::type* =
        -: 1219:                            static_cast<T*>(nullptr)) {
        -: 1220:        *this = static_cast<double>(value);
        -: 1221:    }
        -: 1222:#endif // DOCTEST_CONFIG_INCLUDE_TYPE_TRAITS
        -: 1223:
        -: 1224:    Approx& epsilon(double newEpsilon);
        -: 1225:
        -: 1226:#ifdef DOCTEST_CONFIG_INCLUDE_TYPE_TRAITS
        -: 1227:    template <typename T>
        -: 1228:    typename std::enable_if<std::is_constructible<double, T>::value, Approx&>::type epsilon(
        -: 1229:            const T& newEpsilon) {
        -: 1230:        m_epsilon = static_cast<double>(newEpsilon);
        -: 1231:        return *this;
        -: 1232:    }
        -: 1233:#endif //  DOCTEST_CONFIG_INCLUDE_TYPE_TRAITS
        -: 1234:
        -: 1235:    Approx& scale(double newScale);
        -: 1236:
        -: 1237:#ifdef DOCTEST_CONFIG_INCLUDE_TYPE_TRAITS
        -: 1238:    template <typename T>
        -: 1239:    typename std::enable_if<std::is_constructible<double, T>::value, Approx&>::type scale(
        -: 1240:            const T& newScale) {
        -: 1241:        m_scale = static_cast<double>(newScale);
        -: 1242:        return *this;
        -: 1243:    }
        -: 1244:#endif // DOCTEST_CONFIG_INCLUDE_TYPE_TRAITS
        -: 1245:
        -: 1246:    // clang-format off
        -: 1247:    DOCTEST_INTERFACE friend bool operator==(double lhs, const Approx & rhs);
        -: 1248:    DOCTEST_INTERFACE friend bool operator==(const Approx & lhs, double rhs);
        -: 1249:    DOCTEST_INTERFACE friend bool operator!=(double lhs, const Approx & rhs);
        -: 1250:    DOCTEST_INTERFACE friend bool operator!=(const Approx & lhs, double rhs);
        -: 1251:    DOCTEST_INTERFACE friend bool operator<=(double lhs, const Approx & rhs);
        -: 1252:    DOCTEST_INTERFACE friend bool operator<=(const Approx & lhs, double rhs);
        -: 1253:    DOCTEST_INTERFACE friend bool operator>=(double lhs, const Approx & rhs);
        -: 1254:    DOCTEST_INTERFACE friend bool operator>=(const Approx & lhs, double rhs);
        -: 1255:    DOCTEST_INTERFACE friend bool operator< (double lhs, const Approx & rhs);
        -: 1256:    DOCTEST_INTERFACE friend bool operator< (const Approx & lhs, double rhs);
        -: 1257:    DOCTEST_INTERFACE friend bool operator> (double lhs, const Approx & rhs);
        -: 1258:    DOCTEST_INTERFACE friend bool operator> (const Approx & lhs, double rhs);
        -: 1259:
        -: 1260:#ifdef DOCTEST_CONFIG_INCLUDE_TYPE_TRAITS
        -: 1261:#define DOCTEST_APPROX_PREFIX \
        -: 1262:    template <typename T> friend typename std::enable_if<std::is_constructible<double, T>::value, bool>::type
        -: 1263:
        -: 1264:    DOCTEST_APPROX_PREFIX operator==(const T& lhs, const Approx& rhs) { return operator==(static_cast<double>(lhs), rhs); }
        -: 1265:    DOCTEST_APPROX_PREFIX operator==(const Approx& lhs, const T& rhs) { return operator==(rhs, lhs); }
        -: 1266:    DOCTEST_APPROX_PREFIX operator!=(const T& lhs, const Approx& rhs) { return !operator==(lhs, rhs); }
        -: 1267:    DOCTEST_APPROX_PREFIX operator!=(const Approx& lhs, const T& rhs) { return !operator==(rhs, lhs); }
        -: 1268:    DOCTEST_APPROX_PREFIX operator<=(const T& lhs, const Approx& rhs) { return static_cast<double>(lhs) < rhs.m_value || lhs == rhs; }
        -: 1269:    DOCTEST_APPROX_PREFIX operator<=(const Approx& lhs, const T& rhs) { return lhs.m_value < static_cast<double>(rhs) || lhs == rhs; }
        -: 1270:    DOCTEST_APPROX_PREFIX operator>=(const T& lhs, const Approx& rhs) { return static_cast<double>(lhs) > rhs.m_value || lhs == rhs; }
        -: 1271:    DOCTEST_APPROX_PREFIX operator>=(const Approx& lhs, const T& rhs) { return lhs.m_value > static_cast<double>(rhs) || lhs == rhs; }
        -: 1272:    DOCTEST_APPROX_PREFIX operator< (const T& lhs, const Approx& rhs) { return static_cast<double>(lhs) < rhs.m_value && lhs != rhs; }
        -: 1273:    DOCTEST_APPROX_PREFIX operator< (const Approx& lhs, const T& rhs) { return lhs.m_value < static_cast<double>(rhs) && lhs != rhs; }
        -: 1274:    DOCTEST_APPROX_PREFIX operator> (const T& lhs, const Approx& rhs) { return static_cast<double>(lhs) > rhs.m_value && lhs != rhs; }
        -: 1275:    DOCTEST_APPROX_PREFIX operator> (const Approx& lhs, const T& rhs) { return lhs.m_value > static_cast<double>(rhs) && lhs != rhs; }
        -: 1276:#undef DOCTEST_APPROX_PREFIX
        -: 1277:#endif // DOCTEST_CONFIG_INCLUDE_TYPE_TRAITS
        -: 1278:
        -: 1279:    // clang-format on
        -: 1280:
        -: 1281:    double m_epsilon;
        -: 1282:    double m_scale;
        -: 1283:    double m_value;
        -: 1284:};
        -: 1285:
        -: 1286:DOCTEST_INTERFACE String toString(const Approx& in);
        -: 1287:
        -: 1288:DOCTEST_INTERFACE const ContextOptions* getContextOptions();
        -: 1289:
        -: 1290:template <typename F>
        -: 1291:struct DOCTEST_INTERFACE_DECL IsNaN
        -: 1292:{
        -: 1293:    F value; bool flipped;
    #####: 1294:    IsNaN(F f, bool flip = false) : value(f), flipped(flip) { }
------------------
_ZN7doctest5IsNaNIeEC2Eeb:
    #####: 1294:    IsNaN(F f, bool flip = false) : value(f), flipped(flip) { }
------------------
_ZN7doctest5IsNaNIdEC2Edb:
    #####: 1294:    IsNaN(F f, bool flip = false) : value(f), flipped(flip) { }
------------------
_ZN7doctest5IsNaNIfEC2Efb:
    #####: 1294:    IsNaN(F f, bool flip = false) : value(f), flipped(flip) { }
------------------
    #####: 1295:    IsNaN<F> operator!() const { return { value, !flipped }; }
------------------
_ZNK7doctest5IsNaNIeEntEv:
    #####: 1295:    IsNaN<F> operator!() const { return { value, !flipped }; }
------------------
_ZNK7doctest5IsNaNIdEntEv:
    #####: 1295:    IsNaN<F> operator!() const { return { value, !flipped }; }
------------------
_ZNK7doctest5IsNaNIfEntEv:
    #####: 1295:    IsNaN<F> operator!() const { return { value, !flipped }; }
------------------
        -: 1296:    operator bool() const;
        -: 1297:};
        -: 1298:#ifndef __MINGW32__
        -: 1299:extern template struct DOCTEST_INTERFACE_DECL IsNaN<float>;
        -: 1300:extern template struct DOCTEST_INTERFACE_DECL IsNaN<double>;
        -: 1301:extern template struct DOCTEST_INTERFACE_DECL IsNaN<long double>;
        -: 1302:#endif
        -: 1303:DOCTEST_INTERFACE String toString(IsNaN<float> in);
        -: 1304:DOCTEST_INTERFACE String toString(IsNaN<double> in);
        -: 1305:DOCTEST_INTERFACE String toString(IsNaN<double long> in);
        -: 1306:
        -: 1307:#ifndef DOCTEST_CONFIG_DISABLE
        -: 1308:
        -: 1309:namespace detail {
        -: 1310:    // clang-format off
        -: 1311:#ifdef DOCTEST_CONFIG_TREAT_CHAR_STAR_AS_STRING
        -: 1312:    template<class T>               struct decay_array       { using type = T; };
        -: 1313:    template<class T, unsigned N>   struct decay_array<T[N]> { using type = T*; };
        -: 1314:    template<class T>               struct decay_array<T[]>  { using type = T*; };
        -: 1315:
        -: 1316:    template<class T>   struct not_char_pointer              { static DOCTEST_CONSTEXPR int value = 1; };
        -: 1317:    template<>          struct not_char_pointer<char*>       { static DOCTEST_CONSTEXPR int value = 0; };
        -: 1318:    template<>          struct not_char_pointer<const char*> { static DOCTEST_CONSTEXPR int value = 0; };
        -: 1319:
        -: 1320:    template<class T> struct can_use_op : public not_char_pointer<typename decay_array<T>::type> {};
        -: 1321:#endif // DOCTEST_CONFIG_TREAT_CHAR_STAR_AS_STRING
        -: 1322:    // clang-format on
        -: 1323:
        -: 1324:    struct DOCTEST_INTERFACE TestFailureException
        -: 1325:    {
        -: 1326:    };
        -: 1327:
        -: 1328:    DOCTEST_INTERFACE bool checkIfShouldThrow(assertType::Enum at);
        -: 1329:
        -: 1330:#ifndef DOCTEST_CONFIG_NO_EXCEPTIONS
        -: 1331:    DOCTEST_NORETURN
        -: 1332:#endif // DOCTEST_CONFIG_NO_EXCEPTIONS
        -: 1333:    DOCTEST_INTERFACE void throwException();
        -: 1334:
        -: 1335:    struct DOCTEST_INTERFACE Subcase
        -: 1336:    {
        -: 1337:        SubcaseSignature m_signature;
        -: 1338:        bool             m_entered = false;
        -: 1339:
[...]
    #####: 6726:        p->exit             = true;
        -: 6727:    }
       2*: 6728:    if(parseFlag(argc, argv, DOCTEST_CONFIG_OPTIONS_PREFIX "list-reporters") ||
        1: 6729:       parseFlag(argc, argv, DOCTEST_CONFIG_OPTIONS_PREFIX "lr")) {
    #####: 6730:        p->list_reporters = true;
    #####: 6731:        p->exit           = true;
        -: 6732:    }
        1: 6733:}
        -: 6734:
        -: 6735:// allows the user to add procedurally to the filters from the command line
    #####: 6736:void Context::addFilter(const char* filter, const char* value) { setOption(filter, value); }
        -: 6737:
        -: 6738:// allows the user to clear all filters from the command line
    #####: 6739:void Context::clearFilters() {
    #####: 6740:    for(auto& curr : p->filters)
    #####: 6741:        curr.clear();
    #####: 6742:}
        -: 6743:
        -: 6744:// allows the user to override procedurally the bool options from the command line
    #####: 6745:void Context::setOption(const char* option, bool value) {
    #####: 6746:    setOption(option, value ? "true" : "false");
    #####: 6747:}
        -: 6748:
        -: 6749:// allows the user to override procedurally the int options from the command line
    #####: 6750:void Context::setOption(const char* option, int value) {
    #####: 6751:    setOption(option, toString(value).c_str());
    #####: 6752:}
        -: 6753:
        -: 6754:// allows the user to override procedurally the string options from the command line
    #####: 6755:void Context::setOption(const char* option, const char* value) {
    #####: 6756:    auto argv   = String("-") + option + "=" + value;
    #####: 6757:    auto lvalue = argv.c_str();
    #####: 6758:    parseArgs(1, &lvalue);
    #####: 6759:}
        -: 6760:
        -: 6761:// users should query this in their main() and exit the program if true
    #####: 6762:bool Context::shouldExit() { return p->exit; }
        -: 6763:
    #####: 6764:void Context::setAsDefaultForAssertsOutOfTestCases() { g_cs = p; }
        -: 6765:
    #####: 6766:void Context::setAssertHandler(detail::assert_handler ah) { p->ah = ah; }
        -: 6767:
    #####: 6768:void Context::setCout(std::ostream* out) { p->cout = out; }
        -: 6769:
        -: 6770:static class DiscardOStream : public std::ostream
        -: 6771:{
        -: 6772:private:
        -: 6773:    class : public std::streambuf
        -: 6774:    {
        -: 6775:    private:
        -: 6776:        // allowing some buffering decreases the amount of calls to overflow
        -: 6777:        char buf[1024];
        -: 6778:
        -: 6779:    protected:
    #####: 6780:        std::streamsize xsputn(const char_type*, std::streamsize count) override { return count; }
        -: 6781:
    #####: 6782:        int_type overflow(int_type ch) override {
    #####: 6783:            setp(std::begin(buf), std::end(buf));
    #####: 6784:            return traits_type::not_eof(ch);
        -: 6785:        }
        -: 6786:    } discardBuf;
        -: 6787:
        -: 6788:public:
        1: 6789:    DiscardOStream()
        1: 6790:            : std::ostream(&discardBuf) {}
        -: 6791:} discardOut;
        -: 6792:
        -: 6793:// the main function that does all the filtering and test running
        1: 6794:int Context::run() {
        -: 6795:    using namespace detail;
        -: 6796:
        -: 6797:    // save the old context state in case such was setup - for using asserts out of a testing context
        1: 6798:    auto old_cs = g_cs;
        -: 6799:    // this is the current contest
        1: 6800:    g_cs               = p;
        1: 6801:    is_running_in_test = true;
        -: 6802:
        1: 6803:    g_no_colors = p->no_colors;
        1: 6804:    p->resetRunData();
        -: 6805:
        1: 6806:    std::fstream fstr;
        1: 6807:    if(p->cout == nullptr) {
        1: 6808:        if(p->quiet) {
    #####: 6809:            p->cout = &discardOut;
        1: 6810:        } else if(p->out.size()) {
        -: 6811:            // to a file if specified
    #####: 6812:            fstr.open(p->out.c_str(), std::fstream::out);
    #####: 6813:            p->cout = &fstr;
        -: 6814:        } else {
        -: 6815:#ifndef DOCTEST_CONFIG_NO_INCLUDE_IOSTREAM
        -: 6816:            // stdout by default
        1: 6817:            p->cout = &std::cout;
        -: 6818:#else // DOCTEST_CONFIG_NO_INCLUDE_IOSTREAM
        -: 6819:            return EXIT_FAILURE;
        -: 6820:#endif // DOCTEST_CONFIG_NO_INCLUDE_IOSTREAM
        -: 6821:        }
        -: 6822:    }
        -: 6823:
        1: 6824:    FatalConditionHandler::allocateAltStackMem();
        -: 6825:
        1: 6826:    auto cleanup_and_return = [&]() {
        1: 6827:        FatalConditionHandler::freeAltStackMem();
        -: 6828:
       1*: 6829:        if(fstr.is_open())
    #####: 6830:            fstr.close();
        -: 6831:
        -: 6832:        // restore context
        1: 6833:        g_cs               = old_cs;
        1: 6834:        is_running_in_test = false;
        -: 6835:
        -: 6836:        // we have to free the reporters which were allocated when the run started
       2*: 6837:        for(auto& curr : p->reporters_currently_used)
        1: 6838:            delete curr;
        1: 6839:        p->reporters_currently_used.clear();
        -: 6840:
       1*: 6841:        if(p->numTestCasesFailed && !p->no_exitcode)
    #####: 6842:            return EXIT_FAILURE;
        1: 6843:        return EXIT_SUCCESS;
        1: 6844:    };
        -: 6845:
        -: 6846:    // setup default reporter if none is given through the command line
        1: 6847:    if(p->filters[8].empty())
        1: 6848:        p->filters[8].push_back("console");
        -: 6849:
        -: 6850:    // check to see if any of the registered reporters has been selected
        4: 6851:    for(auto& curr : getReporters()) {
        3: 6852:        if(matchesAny(curr.first.second.c_str(), p->filters[8], false, p->case_sensitive))
        1: 6853:            p->reporters_currently_used.push_back(curr.second(*g_cs));
        -: 6854:    }
        -: 6855:
        -: 6856:    // TODO: check if there is nothing in reporters_currently_used
        -: 6857:
        -: 6858:    // prepend all listeners
       1*: 6859:    for(auto& curr : getListeners())
    #####: 6860:        p->reporters_currently_used.insert(p->reporters_currently_used.begin(), curr.second(*g_cs));
        -: 6861:
        -: 6862:#ifdef DOCTEST_PLATFORM_WINDOWS
        -: 6863:    if(isDebuggerActive() && p->no_debug_output == false)
        -: 6864:        p->reporters_currently_used.push_back(new DebugOutputWindowReporter(*g_cs));
        -: 6865:#endif // DOCTEST_PLATFORM_WINDOWS
        -: 6866:
        -: 6867:    // handle version, help and no_run
        1: 6868:    if(p->no_run || p->version || p->help || p->list_reporters) {
    #####: 6869:        DOCTEST_ITERATE_THROUGH_REPORTERS(report_query, QueryData());
        -: 6870:
    #####: 6871:        return cleanup_and_return();
        -: 6872:    }
        -: 6873:
        1: 6874:    std::vector<const TestCase*> testArray;
        3: 6875:    for(auto& curr : getRegisteredTests())
        2: 6876:        testArray.push_back(&curr);
        1: 6877:    p->numTestCases = testArray.size();
        -: 6878:
        -: 6879:    // sort the collected records
        1: 6880:    if(!testArray.empty()) {
        1: 6881:        if(p->order_by.compare("file", true) == 0) {
        1: 6882:            std::sort(testArray.begin(), testArray.end(), fileOrderComparator);
    #####: 6883:        } else if(p->order_by.compare("suite", true) == 0) {
    #####: 6884:            std::sort(testArray.begin(), testArray.end(), suiteOrderComparator);
    #####: 6885:        } else if(p->order_by.compare("name", true) == 0) {
    #####: 6886:            std::sort(testArray.begin(), testArray.end(), nameOrderComparator);
    #####: 6887:        } else if(p->order_by.compare("rand", true) == 0) {
    #####: 6888:            std::srand(p->rand_seed);
        -: 6889:
        -: 6890:            // random_shuffle implementation
    #####: 6891:            const auto first = &testArray[0];
    #####: 6892:            for(size_t i = testArray.size() - 1; i > 0; --i) {
    #####: 6893:                int idxToSwap = std::rand() % (i + 1);
        -: 6894:
    #####: 6895:                const auto temp = first[i];
        -: 6896:
    #####: 6897:                first[i]         = first[idxToSwap];
    #####: 6898:                first[idxToSwap] = temp;
        -: 6899:            }
    #####: 6900:        } else if(p->order_by.compare("none", true) == 0) {
        -: 6901:            // means no sorting - beneficial for death tests which call into the executable
        -: 6902:            // with a specific test case in mind - we don't want to slow down the startup times
        -: 6903:        }
        -: 6904:    }
        -: 6905:
        1: 6906:    std::set<String> testSuitesPassingFilt;
        -: 6907:
       1*: 6908:    bool                             query_mode = p->count || p->list_test_cases || p->list_test_suites;
        1: 6909:    std::vector<const TestCaseData*> queryResults;
        -: 6910:
        1: 6911:    if(!query_mode)
        2: 6912:        DOCTEST_ITERATE_THROUGH_REPORTERS(test_run_start, DOCTEST_EMPTY);
        -: 6913:
        -: 6914:    // invoke the registered functions if they match the filter criteria (or just count them)
        3: 6915:    for(auto& curr : testArray) {
        2: 6916:        const auto& tc = *curr;
        -: 6917:
        2: 6918:        bool skip_me = false;
       2*: 6919:        if(tc.m_skip && !p->no_skip)
    #####: 6920:            skip_me = true;
        -: 6921:
        2: 6922:        if(!matchesAny(tc.m_file.c_str(), p->filters[0], true, p->case_sensitive))
    #####: 6923:            skip_me = true;
        2: 6924:        if(matchesAny(tc.m_file.c_str(), p->filters[1], false, p->case_sensitive))
    #####: 6925:            skip_me = true;
        2: 6926:        if(!matchesAny(tc.m_test_suite, p->filters[2], true, p->case_sensitive))
    #####: 6927:            skip_me = true;
        2: 6928:        if(matchesAny(tc.m_test_suite, p->filters[3], false, p->case_sensitive))
    #####: 6929:            skip_me = true;
        2: 6930:        if(!matchesAny(tc.m_name, p->filters[4], true, p->case_sensitive))
    #####: 6931:            skip_me = true;
        2: 6932:        if(matchesAny(tc.m_name, p->filters[5], false, p->case_sensitive))
    #####: 6933:            skip_me = true;
        -: 6934:
        2: 6935:        if(!skip_me)
        2: 6936:            p->numTestCasesPassingFilters++;
        -: 6937:
        -: 6938:        // skip the test if it is not in the execution range
       2*: 6939:        if((p->last < p->numTestCasesPassingFilters && p->first <= p->last) ||
        2: 6940:           (p->first > p->numTestCasesPassingFilters))
    #####: 6941:            skip_me = true;
        -: 6942:
        2: 6943:        if(skip_me) {
    #####: 6944:            if(!query_mode)
    #####: 6945:                DOCTEST_ITERATE_THROUGH_REPORTERS(test_case_skipped, tc);
    #####: 6946:            continue;
    #####: 6947:        }
        -: 6948:
        -: 6949:        // do not execute the test if we are to only count the number of filter passing tests
       2*: 6950:        if(p->count)
    #####: 6951:            continue;
        -: 6952:
        -: 6953:        // print the name of the test and don't execute it
       2*: 6954:        if(p->list_test_cases) {
    #####: 6955:            queryResults.push_back(&tc);
    #####: 6956:            continue;
        -: 6957:        }
        -: 6958:
        -: 6959:        // print the name of the test suite if not done already and don't execute it
       2*: 6960:        if(p->list_test_suites) {
    #####: 6961:            if((testSuitesPassingFilt.count(tc.m_test_suite) == 0) && tc.m_test_suite[0] != '\0') {
    #####: 6962:                queryResults.push_back(&tc);
    #####: 6963:                testSuitesPassingFilt.insert(tc.m_test_suite);
    #####: 6964:                p->numTestSuitesPassingFilters++;
        -: 6965:            }
    #####: 6966:            continue;
        -: 6967:        }
        -: 6968:
        -: 6969:        // execute the test if it passes all the filtering
        -: 6970:        {
        2: 6971:            p->currentTest = &tc;
        -: 6972:
        2: 6973:            p->failure_flags = TestCaseFailureReason::None;
        2: 6974:            p->seconds       = 0;
        -: 6975:
        -: 6976:            // reset atomic counters
        2: 6977:            p->numAssertsFailedCurrentTest_atomic = 0;
        2: 6978:            p->numAssertsCurrentTest_atomic       = 0;
        -: 6979:
        2: 6980:            p->fullyTraversedSubcases.clear();
        -: 6981:
        4: 6982:            DOCTEST_ITERATE_THROUGH_REPORTERS(test_case_start, tc);
        -: 6983:
        2: 6984:            p->timer.start();
        -: 6985:
        2: 6986:            bool run_test = true;
        -: 6987:
        2: 6988:            do {
        -: 6989:                // reset some of the fields for subcases (except for the set of fully passed ones)
        2: 6990:                p->reachedLeaf = false;
        -: 6991:                // May not be empty if previous subcase exited via exception.
        2: 6992:                p->subcaseStack.clear();
        2: 6993:                p->currentSubcaseDepth = 0;
        -: 6994:
        2: 6995:                p->shouldLogCurrentException = true;
        -: 6996:
        -: 6997:                // reset stuff for logging with INFO()
        2: 6998:                p->stringifiedContexts.clear();
        -: 6999:
        -: 7000:#ifndef DOCTEST_CONFIG_NO_EXCEPTIONS
        -: 7001:                try {
        -: 7002:#endif // DOCTEST_CONFIG_NO_EXCEPTIONS
        -: 7003:// MSVC 2015 diagnoses fatalConditionHandler as unused (because reset() is a static method)
        -: 7004:DOCTEST_MSVC_SUPPRESS_WARNING_WITH_PUSH(4101) // unreferenced local variable
        2: 7005:                    FatalConditionHandler fatalConditionHandler; // Handle signals
        -: 7006:                    // execute the test
        2: 7007:                    tc.m_test();
        2: 7008:                    fatalConditionHandler.reset();
        -: 7009:DOCTEST_MSVC_SUPPRESS_WARNING_POP
        -: 7010:#ifndef DOCTEST_CONFIG_NO_EXCEPTIONS
        2: 7011:                } catch(const TestFailureException&) {
    =====: 7012:                    p->failure_flags |= TestCaseFailureReason::AssertFailure;
    =====: 7013:                } catch(...) {
    =====: 7014:                    DOCTEST_ITERATE_THROUGH_REPORTERS(test_case_exception,
        -: 7015:                                                      {translateActiveException(), false});
    =====: 7016:                    p->failure_flags |= TestCaseFailureReason::Exception;
    =====: 7017:                }
        -: 7018:#endif // DOCTEST_CONFIG_NO_EXCEPTIONS
        -: 7019:
        -: 7020:                // exit this loop if enough assertions have failed - even if there are more subcases
       2*: 7021:                if(p->abort_after > 0 &&
    #####: 7022:                   p->numAssertsFailed + p->numAssertsFailedCurrentTest_atomic >= p->abort_after) {
    #####: 7023:                    run_test = false;
    #####: 7024:                    p->failure_flags |= TestCaseFailureReason::TooManyFailedAsserts;
        -: 7025:                }
        -: 7026:
       2*: 7027:                if(!p->nextSubcaseStack.empty() && run_test)
    #####: 7028:                    DOCTEST_ITERATE_THROUGH_REPORTERS(test_case_reenter, tc);
        2: 7029:                if(p->nextSubcaseStack.empty())
        2: 7030:                    run_test = false;
        -: 7031:            } while(run_test);
        -: 7032:
        2: 7033:            p->finalizeTestCaseData();
        -: 7034:
        4: 7035:            DOCTEST_ITERATE_THROUGH_REPORTERS(test_case_end, *g_cs);
        -: 7036:
        2: 7037:            p->currentTest = nullptr;
        -: 7038:
        -: 7039:            // stop executing tests if enough assertions have failed
       2*: 7040:            if(p->abort_after > 0 && p->numAssertsFailed >= p->abort_after)
    #####: 7041:                break;
        -: 7042:        }
        -: 7043:    }
        -: 7044:
        1: 7045:    if(!query_mode) {
        2: 7046:        DOCTEST_ITERATE_THROUGH_REPORTERS(test_run_end, *g_cs);
        -: 7047:    } else {
    #####: 7048:        QueryData qdata;
    #####: 7049:        qdata.run_stats = g_cs;
    #####: 7050:        qdata.data      = queryResults.data();
    #####: 7051:        qdata.num_data  = unsigned(queryResults.size());
    #####: 7052:        DOCTEST_ITERATE_THROUGH_REPORTERS(report_query, qdata);
        -: 7053:    }
        -: 7054:
        1: 7055:    return cleanup_and_return();
        1: 7056:}
        -: 7057:
       1*: 7058:DOCTEST_DEFINE_INTERFACE(IReporter)
------------------
_ZN7doctest9IReporterD0Ev:
    #####: 7058:DOCTEST_DEFINE_INTERFACE(IReporter)
------------------
_ZN7doctest9IReporterD2Ev:
        1: 7058:DOCTEST_DEFINE_INTERFACE(IReporter)
------------------
        -: 7059:
    #####: 7060:int IReporter::get_num_active_contexts() { return detail::g_infoContexts.size(); }
    #####: 7061:const IContextScope* const* IReporter::get_active_contexts() {
    #####: 7062:    return get_num_active_contexts() ? &detail::g_infoContexts[0] : nullptr;
        -: 7063:}
        -: 7064:
    #####: 7065:int IReporter::get_num_stringified_contexts() { return detail::g_cs->stringifiedContexts.size(); }
    #####: 7066:const String* IReporter::get_stringified_contexts() {
    #####: 7067:    return get_num_stringified_contexts() ? &detail::g_cs->stringifiedContexts[0] : nullptr;
        -: 7068:}
        -: 7069:
        -: 7070:namespace detail {
        3: 7071:    void registerReporterImpl(const char* name, int priority, reporterCreatorFunc c, bool isReporter) {
        3: 7072:        if(isReporter)
        3: 7073:            getReporters().insert(reporterMap::value_type(reporterMap::key_type(priority, name), c));
        -: 7074:        else
    #####: 7075:            getListeners().insert(reporterMap::value_type(reporterMap::key_type(priority, name), c));
        3: 7076:    }
        -: 7077:} // namespace detail
        -: 7078:
        -: 7079:} // namespace doctest
        -: 7080:
        -: 7081:#endif // DOCTEST_CONFIG_DISABLE
        -: 7082:
        -: 7083:#ifdef DOCTEST_CONFIG_IMPLEMENT_WITH_MAIN
        -: 7084:DOCTEST_MSVC_SUPPRESS_WARNING_WITH_PUSH(4007) // 'function' : must be 'attribute' - see issue #182
        1: 7085:int main(int argc, char** argv) { return doctest::Context(argc, argv).run(); }
        -: 7086:DOCTEST_MSVC_SUPPRESS_WARNING_POP
        -: 7087:#endif // DOCTEST_CONFIG_IMPLEMENT_WITH_MAIN
        -: 7088:
        -: 7089:DOCTEST_CLANG_SUPPRESS_WARNING_POP
        -: 7090:DOCTEST_MSVC_SUPPRESS_WARNING_POP
        -: 7091:DOCTEST_GCC_SUPPRESS_WARNING_POP
        -: 7092:
        -: 7093:DOCTEST_SUPPRESS_COMMON_WARNINGS_POP
        -: 7094:
        -: 7095:#endif // DOCTEST_LIBRARY_IMPLEMENTATION
        -: 7096:#endif // DOCTEST_CONFIG_IMPLEMENT
        -: 7097:
        -: 7098:#ifdef DOCTEST_UNDEF_WIN32_LEAN_AND_MEAN
        -: 7099:#undef WIN32_LEAN_AND_MEAN
        -: 7100:#undef DOCTEST_UNDEF_WIN32_LEAN_AND_MEAN
        -: 7101:#endif // DOCTEST_UNDEF_WIN32_LEAN_AND_MEAN
        -: 7102:
        -: 7103:#ifdef DOCTEST_UNDEF_NOMINMAX
        -: 7104:#undef NOMINMAX
        -: 7105:#undef DOCTEST_UNDEF_NOMINMAX
        -: 7106:#endif // DOCTEST_UNDEF_NOMINMAX
